2025-04-14 14:38:08,595 INFO     [ThreadPoolExecutor-0_7] htx htx.py: 359: 获取成功：USDTcnc第1页的45条历史带单数据
2025-04-14 14:38:08,629 INFO     [ThreadPoolExecutor-0_5] htx htx.py: 359: 获取成功：136****@163.com第1页的9条历史带单数据
2025-04-14 14:38:08,631 INFO     [ThreadPoolExecutor-0_6] htx htx.py: 364: 获取失败：luq****@163.com第1页《不存在》当前带单数据
2025-04-14 14:38:08,639 INFO     [ThreadPoolExecutor-0_0] htx htx.py: 359: 获取成功：alp****@outlook.com第1页的5条历史带单数据
2025-04-14 14:38:08,696 INFO     [ThreadPoolExecutor-0_4] htx htx.py: 364: 获取失败：scs****@163.com第1页《不存在》当前带单数据
2025-04-14 14:38:08,700 INFO     [ThreadPoolExecutor-0_11] htx htx.py: 364: 获取失败：zha****@163.com第1页《不存在》当前带单数据
2025-04-14 14:38:08,703 INFO     [ThreadPoolExecutor-0_9] htx htx.py: 359: 获取成功：bos****@163.com第1页的40条历史带单数据
2025-04-14 14:38:08,708 INFO     [ThreadPoolExecutor-0_3] htx htx.py: 359: 获取成功：驱驰第1页的15条历史带单数据
2025-04-14 14:38:08,758 INFO     [ThreadPoolExecutor-0_2] htx htx.py: 359: 获取成功：专注ETH第1页的16条历史带单数据
2025-04-14 14:38:08,761 INFO     [ThreadPoolExecutor-0_1] htx htx.py: 359: 获取成功：Ava第1页的12条历史带单数据
2025-04-14 14:38:08,764 INFO     [ThreadPoolExecutor-0_8] htx htx.py: 359: 获取成功：qiu****@163.com第1页的17条历史带单数据
2025-04-14 14:38:08,888 INFO     [ThreadPoolExecutor-0_10] htx htx.py: 359: 获取成功：ban****@163.com第1页的52条历史带单数据
2025-04-14 14:38:09,208 INFO     [ThreadPoolExecutor-0_6] htx htx.py: 371: 获取成功：luq****@163.com第1页的10条当前带单数据
2025-04-14 14:38:09,210 INFO     [ThreadPoolExecutor-0_4] htx htx.py: 371: 获取成功：scs****@163.com第1页的6条当前带单数据
2025-04-14 14:38:09,311 INFO     [ThreadPoolExecutor-0_11] htx htx.py: 371: 获取成功：zha****@163.com第1页的15条当前带单数据
2025-04-14 14:38:10,120 INFO     [ThreadPoolExecutor-0_0] htx htx.py: 364: 获取失败：alp****@outlook.com第2页《不存在》当前带单数据
2025-04-14 14:38:10,169 INFO     [ThreadPoolExecutor-0_9] htx htx.py: 364: 获取失败：bos****@163.com第2页《不存在》当前带单数据
2025-04-14 14:38:10,170 INFO     [ThreadPoolExecutor-0_5] htx htx.py: 364: 获取失败：136****@163.com第2页《不存在》当前带单数据
2025-04-14 14:38:10,317 INFO     [ThreadPoolExecutor-0_7] htx htx.py: 364: 获取失败：USDTcnc第2页《不存在》当前带单数据
2025-04-14 14:38:10,474 INFO     [ThreadPoolExecutor-0_2] htx htx.py: 364: 获取失败：专注ETH第2页《不存在》当前带单数据
2025-04-14 14:38:10,476 INFO     [ThreadPoolExecutor-0_10] htx htx.py: 364: 获取失败：ban****@163.com第2页《不存在》当前带单数据
2025-04-14 14:38:10,478 INFO     [ThreadPoolExecutor-0_1] htx htx.py: 364: 获取失败：Ava第2页《不存在》当前带单数据
2025-04-14 14:38:10,481 INFO     [ThreadPoolExecutor-0_3] htx htx.py: 364: 获取失败：驱驰第2页《不存在》当前带单数据
2025-04-14 14:38:10,488 INFO     [ThreadPoolExecutor-0_8] htx htx.py: 364: 获取失败：qiu****@163.com第2页《不存在》当前带单数据
2025-04-14 14:38:10,898 INFO     [ThreadPoolExecutor-0_0] htx htx.py: 371: 获取成功：alp****@outlook.com第1页的5条当前带单数据
2025-04-14 14:38:10,901 INFO     [ThreadPoolExecutor-0_4] htx htx.py: 376: 获取失败：scs****@163.com第2页《不存在》当前带单数据
2025-04-14 14:38:10,905 INFO     [ThreadPoolExecutor-0_5] htx htx.py: 371: 获取成功：136****@163.com第1页的8条当前带单数据
2025-04-14 14:38:10,907 INFO     [ThreadPoolExecutor-0_11] htx htx.py: 376: 获取失败：zha****@163.com第2页《不存在》当前带单数据
2025-04-14 14:38:10,949 INFO     [ThreadPoolExecutor-0_1] htx htx.py: 371: 获取成功：Ava第1页的3条当前带单数据
2025-04-14 14:38:10,952 INFO     [ThreadPoolExecutor-0_9] htx htx.py: 376: 获取失败：bos****@163.com第1页《不存在》当前带单数据
2025-04-14 14:38:10,965 INFO     [ThreadPoolExecutor-0_8] htx htx.py: 376: 获取失败：qiu****@163.com第1页《不存在》当前带单数据
2025-04-14 14:38:11,200 INFO     [ThreadPoolExecutor-0_6] htx htx.py: 376: 获取失败：luq****@163.com第2页《不存在》当前带单数据
2025-04-14 14:38:11,204 INFO     [ThreadPoolExecutor-0_10] htx htx.py: 376: 获取失败：ban****@163.com第1页《不存在》当前带单数据
2025-04-14 14:38:11,207 INFO     [ThreadPoolExecutor-0_2] htx htx.py: 376: 获取失败：专注ETH第1页《不存在》当前带单数据
2025-04-14 14:38:11,304 INFO     [ThreadPoolExecutor-0_7] htx htx.py: 376: 获取失败：USDTcnc第1页《不存在》当前带单数据
2025-04-14 14:38:11,308 INFO     [ThreadPoolExecutor-0_3] htx htx.py: 371: 获取成功：驱驰第1页的5条当前带单数据
2025-04-14 14:38:11,408 INFO     [ThreadPoolExecutor-0_11] htx htx.py: 359: 获取成功：ang****@163.com第1页的38条历史带单数据
2025-04-14 14:38:11,487 INFO     [ThreadPoolExecutor-0_4] htx htx.py: 359: 获取成功：lun****@outlook.com第1页的92条历史带单数据
2025-04-14 14:38:11,518 INFO     [ThreadPoolExecutor-0_8] htx htx.py: 359: 获取成功：ton****@163.com第1页的77条历史带单数据
2025-04-14 14:38:11,589 INFO     [ThreadPoolExecutor-0_6] htx htx.py: 359: 获取成功：dia****@163.com第1页的42条历史带单数据
2025-04-14 14:38:11,668 INFO     [ThreadPoolExecutor-0_9] htx htx.py: 359: 获取成功：don****@163.com第1页的46条历史带单数据
2025-04-14 14:38:11,677 INFO     [ThreadPoolExecutor-0_10] htx htx.py: 359: 获取成功：Eeeely第1页的100条历史带单数据
2025-04-14 14:38:11,715 INFO     [ThreadPoolExecutor-0_2] htx htx.py: 359: 获取成功：bi1****@163.com第1页的66条历史带单数据
2025-04-14 14:38:11,774 INFO     [ThreadPoolExecutor-0_7] htx htx.py: 359: 获取成功：de4****@163.com第1页的100条历史带单数据
2025-04-14 14:38:12,311 INFO     [ThreadPoolExecutor-0_0] htx htx.py: 376: 获取失败：alp****@outlook.com第2页《不存在》当前带单数据
2025-04-14 14:38:12,314 INFO     [ThreadPoolExecutor-0_5] htx htx.py: 376: 获取失败：136****@163.com第2页《不存在》当前带单数据
2025-04-14 14:38:12,334 INFO     [ThreadPoolExecutor-0_1] htx htx.py: 376: 获取失败：Ava第2页《不存在》当前带单数据
2025-04-14 14:38:12,926 INFO     [ThreadPoolExecutor-0_5] htx htx.py: 359: 获取成功：币圈老狼第1页的42条历史带单数据
2025-04-14 14:38:12,930 INFO     [ThreadPoolExecutor-0_0] htx htx.py: 359: 获取成功：多军永不为奴第1页的41条历史带单数据
2025-04-14 14:38:12,936 INFO     [ThreadPoolExecutor-0_1] htx htx.py: 359: 获取成功：币圈小助理第1页的100条历史带单数据
2025-04-14 14:38:13,131 INFO     [ThreadPoolExecutor-0_3] htx htx.py: 376: 获取失败：驱驰第2页《不存在》当前带单数据
2025-04-14 14:38:13,133 INFO     [ThreadPoolExecutor-0_4] htx htx.py: 364: 获取失败：lun****@outlook.com第2页《不存在》当前带单数据
2025-04-14 14:38:13,137 INFO     [ThreadPoolExecutor-0_9] htx htx.py: 364: 获取失败：don****@163.com第2页《不存在》当前带单数据
2025-04-14 14:38:13,337 INFO     [ThreadPoolExecutor-0_11] htx htx.py: 364: 获取失败：ang****@163.com第2页《不存在》当前带单数据
2025-04-14 14:38:13,339 INFO     [ThreadPoolExecutor-0_8] htx htx.py: 364: 获取失败：ton****@163.com第2页《不存在》当前带单数据
2025-04-14 14:38:13,341 INFO     [ThreadPoolExecutor-0_6] htx htx.py: 364: 获取失败：dia****@163.com第2页《不存在》当前带单数据
2025-04-14 14:38:13,547 INFO     [ThreadPoolExecutor-0_2] htx htx.py: 364: 获取失败：bi1****@163.com第2页《不存在》当前带单数据
2025-04-14 14:38:13,555 INFO     [ThreadPoolExecutor-0_7] htx htx.py: 359: 获取成功：de4****@163.com第2页的33条历史带单数据
2025-04-14 14:38:13,557 INFO     [ThreadPoolExecutor-0_10] htx htx.py: 359: 获取成功：Eeeely第2页的62条历史带单数据
2025-04-14 14:38:13,678 INFO     [ThreadPoolExecutor-0_9] htx htx.py: 376: 获取失败：don****@163.com第1页《不存在》当前带单数据
2025-04-14 14:38:13,733 INFO     [ThreadPoolExecutor-0_11] htx htx.py: 371: 获取成功：ang****@163.com第1页的4条当前带单数据
2025-04-14 14:38:13,739 INFO     [ThreadPoolExecutor-0_3] htx htx.py: 359: 获取成功：风水玄学云大师第1页的100条历史带单数据
2025-04-14 14:38:13,861 INFO     [ThreadPoolExecutor-0_8] htx htx.py: 371: 获取成功：ton****@163.com第1页的5条当前带单数据
2025-04-14 14:38:13,863 INFO     [ThreadPoolExecutor-0_4] htx htx.py: 371: 获取成功：lun****@outlook.com第1页的5条当前带单数据
2025-04-14 14:38:13,918 INFO     [ThreadPoolExecutor-0_6] htx htx.py: 371: 获取成功：dia****@163.com第1页的4条当前带单数据
2025-04-14 14:38:14,146 INFO     [ThreadPoolExecutor-0_2] htx htx.py: 376: 获取失败：bi1****@163.com第1页《不存在》当前带单数据
2025-04-14 14:38:14,226 INFO     [ThreadPoolExecutor-0_9] htx htx.py: 359: 获取成功：孤辰第1页的3条历史带单数据
2025-04-14 14:38:14,328 INFO     [ThreadPoolExecutor-0_0] htx htx.py: 364: 获取失败：多军永不为奴第2页《不存在》当前带单数据
2025-04-14 14:38:14,345 INFO     [ThreadPoolExecutor-0_5] htx htx.py: 364: 获取失败：币圈老狼第2页《不存在》当前带单数据
2025-04-14 14:38:14,516 INFO     [ThreadPoolExecutor-0_1] htx htx.py: 359: 获取成功：币圈小助理第2页的100条历史带单数据
2025-04-14 14:38:14,644 INFO     [ThreadPoolExecutor-0_2] htx htx.py: 359: 获取成功：Blockchain Wei第1页的100条历史带单数据
2025-04-14 14:38:14,785 INFO     [ThreadPoolExecutor-0_0] htx htx.py: 371: 获取成功：多军永不为奴第1页的3条当前带单数据
2025-04-14 14:38:14,790 INFO     [ThreadPoolExecutor-0_5] htx htx.py: 371: 获取成功：币圈老狼第1页的2条当前带单数据
2025-04-14 14:38:15,135 INFO     [ThreadPoolExecutor-0_11] htx htx.py: 376: 获取失败：ang****@163.com第2页《不存在》当前带单数据
2025-04-14 14:38:15,137 INFO     [ThreadPoolExecutor-0_7] htx htx.py: 364: 获取失败：de4****@163.com第3页《不存在》当前带单数据
2025-04-14 14:38:15,146 INFO     [ThreadPoolExecutor-0_10] htx htx.py: 364: 获取失败：Eeeely第3页《不存在》当前带单数据
2025-04-14 14:38:15,421 INFO     [ThreadPoolExecutor-0_8] htx htx.py: 376: 获取失败：ton****@163.com第2页《不存在》当前带单数据
2025-04-14 14:38:15,425 INFO     [ThreadPoolExecutor-0_3] htx htx.py: 359: 获取成功：风水玄学云大师第2页的18条历史带单数据
2025-04-14 14:38:15,601 INFO     [ThreadPoolExecutor-0_6] htx htx.py: 376: 获取失败：dia****@163.com第2页《不存在》当前带单数据
2025-04-14 14:38:15,606 INFO     [ThreadPoolExecutor-0_4] htx htx.py: 376: 获取失败：lun****@outlook.com第2页《不存在》当前带单数据
2025-04-14 14:38:15,811 INFO     [ThreadPoolExecutor-0_11] htx htx.py: 359: 获取成功：gen****@163.com第1页的98条历史带单数据
2025-04-14 14:38:15,859 INFO     [ThreadPoolExecutor-0_7] htx htx.py: 376: 获取失败：de4****@163.com第1页《不存在》当前带单数据
2025-04-14 14:38:15,863 INFO     [ThreadPoolExecutor-0_10] htx htx.py: 371: 获取成功：Eeeely第1页的5条当前带单数据
2025-04-14 14:38:15,866 INFO     [ThreadPoolExecutor-0_9] htx htx.py: 364: 获取失败：孤辰第2页《不存在》当前带单数据
2025-04-14 14:38:16,061 INFO     [ThreadPoolExecutor-0_8] htx htx.py: 364: 获取失败：lia****@163.com第1页《不存在》当前带单数据
2025-04-14 14:38:16,163 INFO     [ThreadPoolExecutor-0_4] htx htx.py: 359: 获取成功：gyo****@126.com第1页的100条历史带单数据
2025-04-14 14:38:16,216 INFO     [ThreadPoolExecutor-0_2] htx htx.py: 359: 获取成功：Blockchain Wei第2页的100条历史带单数据
2025-04-14 14:38:16,311 INFO     [ThreadPoolExecutor-0_6] htx htx.py: 359: 获取成功：152****5780第1页的100条历史带单数据
2025-04-14 14:38:16,313 INFO     [ThreadPoolExecutor-0_0] htx htx.py: 376: 获取失败：多军永不为奴第2页《不存在》当前带单数据
2025-04-14 14:38:16,327 INFO     [ThreadPoolExecutor-0_9] htx htx.py: 371: 获取成功：孤辰第1页的5条当前带单数据
2025-04-14 14:38:16,337 INFO     [ThreadPoolExecutor-0_1] htx htx.py: 359: 获取成功：币圈小助理第3页的100条历史带单数据
2025-04-14 14:38:16,509 INFO     [ThreadPoolExecutor-0_5] htx htx.py: 376: 获取失败：币圈老狼第2页《不存在》当前带单数据
2025-04-14 14:38:16,515 INFO     [ThreadPoolExecutor-0_7] htx htx.py: 359: 获取成功：lij****@163.com第1页的84条历史带单数据
2025-04-14 14:38:16,670 INFO     [ThreadPoolExecutor-0_8] htx htx.py: 371: 获取成功：lia****@163.com第1页的7条当前带单数据
2025-04-14 14:38:16,710 INFO     [ThreadPoolExecutor-0_0] htx htx.py: 359: 获取成功：gus****@163.com第1页的74条历史带单数据
2025-04-14 14:38:16,938 INFO     [ThreadPoolExecutor-0_3] htx htx.py: 364: 获取失败：风水玄学云大师第3页《不存在》当前带单数据
2025-04-14 14:38:16,945 INFO     [ThreadPoolExecutor-0_5] htx htx.py: 359: 获取成功：MainstreamTrader第1页的100条历史带单数据
2025-04-14 14:38:17,195 INFO     [ThreadPoolExecutor-0_11] htx htx.py: 364: 获取失败：gen****@163.com第2页《不存在》当前带单数据
2025-04-14 14:38:17,250 INFO     [ThreadPoolExecutor-0_10] htx htx.py: 376: 获取失败：Eeeely第2页《不存在》当前带单数据
2025-04-14 14:38:17,463 INFO     [ThreadPoolExecutor-0_3] htx htx.py: 376: 获取失败：风水玄学云大师第1页《不存在》当前带单数据
2025-04-14 14:38:17,786 INFO     [ThreadPoolExecutor-0_4] htx htx.py: 359: 获取成功：gyo****@126.com第2页的26条历史带单数据
2025-04-14 14:38:17,792 INFO     [ThreadPoolExecutor-0_2] htx htx.py: 359: 获取成功：Blockchain Wei第3页的100条历史带单数据
2025-04-14 14:38:17,811 INFO     [ThreadPoolExecutor-0_11] htx htx.py: 371: 获取成功：gen****@163.com第1页的4条当前带单数据
2025-04-14 14:38:17,859 INFO     [ThreadPoolExecutor-0_10] htx htx.py: 359: 获取成功：神仙姐姐141319第1页的100条历史带单数据
2025-04-14 14:38:17,979 INFO     [ThreadPoolExecutor-0_7] htx htx.py: 364: 获取失败：lij****@163.com第2页《不存在》当前带单数据
2025-04-14 14:38:17,997 INFO     [ThreadPoolExecutor-0_3] htx htx.py: 359: 获取成功：scs****@163.com第1页的16条历史带单数据
2025-04-14 14:38:18,005 INFO     [ThreadPoolExecutor-0_1] htx htx.py: 359: 获取成功：币圈小助理第4页的100条历史带单数据
2025-04-14 14:38:18,164 INFO     [ThreadPoolExecutor-0_9] htx htx.py: 376: 获取失败：孤辰第2页《不存在》当前带单数据
2025-04-14 14:38:18,166 INFO     [ThreadPoolExecutor-0_0] htx htx.py: 364: 获取失败：gus****@163.com第2页《不存在》当前带单数据
2025-04-14 14:38:18,182 INFO     [ThreadPoolExecutor-0_6] htx htx.py: 359: 获取成功：152****5780第2页的100条历史带单数据
2025-04-14 14:38:18,351 INFO     [ThreadPoolExecutor-0_7] htx htx.py: 371: 获取成功：lij****@163.com第1页的4条当前带单数据
2025-04-14 14:38:18,365 INFO     [ThreadPoolExecutor-0_8] htx htx.py: 376: 获取失败：lia****@163.com第2页《不存在》当前带单数据
2025-04-14 14:38:18,535 INFO     [ThreadPoolExecutor-0_5] htx htx.py: 359: 获取成功：MainstreamTrader第2页的100条历史带单数据
2025-04-14 14:38:18,665 INFO     [ThreadPoolExecutor-0_0] htx htx.py: 376: 获取失败：gus****@163.com第1页《不存在》当前带单数据
2025-04-14 14:38:18,689 INFO     [ThreadPoolExecutor-0_9] htx htx.py: 359: 获取成功：185****6160第1页的100条历史带单数据
2025-04-14 14:38:18,872 INFO     [ThreadPoolExecutor-0_8] htx htx.py: 359: 获取成功：丛林法则C第1页的59条历史带单数据
2025-04-14 14:38:19,062 INFO     [ThreadPoolExecutor-0_0] htx htx.py: 359: 获取成功：zie****@163.com第1页的100条历史带单数据
2025-04-14 14:38:19,266 INFO     [ThreadPoolExecutor-0_2] htx htx.py: 359: 获取成功：Blockchain Wei第4页的52条历史带单数据
2025-04-14 14:38:19,346 INFO     [ThreadPoolExecutor-0_11] htx htx.py: 376: 获取失败：gen****@163.com第2页《不存在》当前带单数据
2025-04-14 14:38:19,394 INFO     [ThreadPoolExecutor-0_10] htx htx.py: 359: 获取成功：神仙姐姐141319第2页的100条历史带单数据
2025-04-14 14:38:19,447 INFO     [ThreadPoolExecutor-0_4] htx htx.py: 364: 获取失败：gyo****@126.com第3页《不存在》当前带单数据
2025-04-14 14:38:19,498 INFO     [ThreadPoolExecutor-0_1] htx htx.py: 359: 获取成功：币圈小助理第5页的70条历史带单数据
2025-04-14 14:38:19,562 INFO     [ThreadPoolExecutor-0_3] htx htx.py: 364: 获取失败：scs****@163.com第2页《不存在》当前带单数据
2025-04-14 14:38:19,712 INFO     [ThreadPoolExecutor-0_6] htx htx.py: 359: 获取成功：152****5780第3页的100条历史带单数据
2025-04-14 14:38:19,759 INFO     [ThreadPoolExecutor-0_11] htx htx.py: 359: 获取成功：敬自由第1页的100条历史带单数据
2025-04-14 14:38:19,765 INFO     [ThreadPoolExecutor-0_7] htx htx.py: 376: 获取失败：lij****@163.com第2页《不存在》当前带单数据
2025-04-14 14:38:19,946 INFO     [ThreadPoolExecutor-0_5] htx htx.py: 359: 获取成功：MainstreamTrader第3页的56条历史带单数据
2025-04-14 14:38:19,959 INFO     [ThreadPoolExecutor-0_3] htx htx.py: 376: 获取失败：scs****@163.com第1页《不存在》当前带单数据
2025-04-14 14:38:19,962 INFO     [ThreadPoolExecutor-0_4] htx htx.py: 371: 获取成功：gyo****@126.com第1页的6条当前带单数据
2025-04-14 14:38:20,313 INFO     [ThreadPoolExecutor-0_9] htx htx.py: 359: 获取成功：185****6160第2页的48条历史带单数据
2025-04-14 14:38:20,371 INFO     [ThreadPoolExecutor-0_3] htx htx.py: 359: 获取成功：Alpha Trader第1页的28条历史带单数据
2025-04-14 14:38:20,387 INFO     [ThreadPoolExecutor-0_7] htx htx.py: 359: 获取成功：沧澜初心第1页的70条历史带单数据
2025-04-14 14:38:20,625 INFO     [ThreadPoolExecutor-0_0] htx htx.py: 359: 获取成功：zie****@163.com第2页的97条历史带单数据
2025-04-14 14:38:20,713 INFO     [ThreadPoolExecutor-0_2] htx htx.py: 364: 获取失败：Blockchain Wei第5页《不存在》当前带单数据
2025-04-14 14:38:20,882 INFO     [ThreadPoolExecutor-0_1] htx htx.py: 364: 获取失败：币圈小助理第6页《不存在》当前带单数据
2025-04-14 14:38:20,941 INFO     [ThreadPoolExecutor-0_10] htx htx.py: 359: 获取成功：神仙姐姐141319第3页的100条历史带单数据
2025-04-14 14:38:21,082 INFO     [ThreadPoolExecutor-0_8] htx htx.py: 364: 获取失败：丛林法则C第2页《不存在》当前带单数据
2025-04-14 14:38:21,139 INFO     [ThreadPoolExecutor-0_6] htx htx.py: 359: 获取成功：152****5780第4页的68条历史带单数据
2025-04-14 14:38:21,249 INFO     [ThreadPoolExecutor-0_11] htx htx.py: 359: 获取成功：敬自由第2页的100条历史带单数据
2025-04-14 14:38:21,304 INFO     [ThreadPoolExecutor-0_4] htx htx.py: 376: 获取失败：gyo****@126.com第2页《不存在》当前带单数据
2025-04-14 14:38:21,346 INFO     [ThreadPoolExecutor-0_1] htx htx.py: 371: 获取成功：币圈小助理第1页的35条当前带单数据
2025-04-14 14:38:21,485 INFO     [ThreadPoolExecutor-0_2] htx htx.py: 376: 获取失败：Blockchain Wei第1页《不存在》当前带单数据
2025-04-14 14:38:21,486 INFO     [ThreadPoolExecutor-0_5] htx htx.py: 364: 获取失败：MainstreamTrader第4页《不存在》当前带单数据
2025-04-14 14:38:21,530 INFO     [ThreadPoolExecutor-0_8] htx htx.py: 371: 获取成功：丛林法则C第1页的1条当前带单数据
2025-04-14 14:38:21,807 INFO     [ThreadPoolExecutor-0_4] htx htx.py: 359: 获取成功：crystalzh6878第1页的78条历史带单数据
2025-04-14 14:38:21,816 INFO     [ThreadPoolExecutor-0_7] htx htx.py: 364: 获取失败：沧澜初心第2页《不存在》当前带单数据
2025-04-14 14:38:21,844 INFO     [ThreadPoolExecutor-0_3] htx htx.py: 364: 获取失败：Alpha Trader第2页《不存在》当前带单数据
2025-04-14 14:38:21,850 INFO     [ThreadPoolExecutor-0_9] htx htx.py: 364: 获取失败：185****6160第3页《不存在》当前带单数据
2025-04-14 14:38:22,043 INFO     [ThreadPoolExecutor-0_5] htx htx.py: 371: 获取成功：MainstreamTrader第1页的1条当前带单数据
2025-04-14 14:38:22,046 INFO     [ThreadPoolExecutor-0_0] htx htx.py: 364: 获取失败：zie****@163.com第3页《不存在》当前带单数据
2025-04-14 14:38:22,053 INFO     [ThreadPoolExecutor-0_2] htx htx.py: 359: 获取成功：t589qo8x4.verse第1页的55条历史带单数据
2025-04-14 14:38:22,224 INFO     [ThreadPoolExecutor-0_9] htx htx.py: 376: 获取失败：185****6160第1页《不存在》当前带单数据
2025-04-14 14:38:22,231 INFO     [ThreadPoolExecutor-0_3] htx htx.py: 376: 获取失败：Alpha Trader第1页《不存在》当前带单数据
2025-04-14 14:38:22,499 INFO     [ThreadPoolExecutor-0_7] htx htx.py: 371: 获取成功：沧澜初心第1页的2条当前带单数据
2025-04-14 14:38:22,723 INFO     [ThreadPoolExecutor-0_0] htx htx.py: 371: 获取成功：zie****@163.com第1页的11条当前带单数据
2025-04-14 14:38:22,727 INFO     [ThreadPoolExecutor-0_6] htx htx.py: 364: 获取失败：152****5780第5页《不存在》当前带单数据
2025-04-14 14:38:22,741 INFO     [ThreadPoolExecutor-0_10] htx htx.py: 359: 获取成功：神仙姐姐141319第4页的100条历史带单数据
2025-04-14 14:38:22,874 INFO     [ThreadPoolExecutor-0_9] htx htx.py: 359: 获取成功：597****@qq.com第1页的9条历史带单数据
2025-04-14 14:38:22,986 INFO     [ThreadPoolExecutor-0_3] htx htx.py: 359: 获取成功：Terry Lau第1页的89条历史带单数据
2025-04-14 14:38:22,994 INFO     [ThreadPoolExecutor-0_11] htx htx.py: 359: 获取成功：敬自由第3页的100条历史带单数据
2025-04-14 14:38:23,032 INFO     [ThreadPoolExecutor-0_8] htx htx.py: 376: 获取失败：丛林法则C第2页《不存在》当前带单数据
2025-04-14 14:38:23,035 INFO     [ThreadPoolExecutor-0_1] htx htx.py: 376: 获取失败：币圈小助理第2页《不存在》当前带单数据
2025-04-14 14:38:23,335 INFO     [ThreadPoolExecutor-0_6] htx htx.py: 371: 获取成功：152****5780第1页的13条当前带单数据
2025-04-14 14:38:23,337 INFO     [ThreadPoolExecutor-0_4] htx htx.py: 364: 获取失败：crystalzh6878第2页《不存在》当前带单数据
2025-04-14 14:38:23,583 INFO     [ThreadPoolExecutor-0_5] htx htx.py: 376: 获取失败：MainstreamTrader第2页《不存在》当前带单数据
2025-04-14 14:38:23,647 INFO     [ThreadPoolExecutor-0_1] htx htx.py: 359: 获取成功：mm50888854第1页的15条历史带单数据
2025-04-14 14:38:23,698 INFO     [ThreadPoolExecutor-0_8] htx htx.py: 359: 获取成功：Jack_advisor第1页的100条历史带单数据
2025-04-14 14:38:23,748 INFO     [ThreadPoolExecutor-0_4] htx htx.py: 371: 获取成功：crystalzh6878第1页的11条当前带单数据
2025-04-14 14:38:23,881 INFO     [ThreadPoolExecutor-0_2] htx htx.py: 364: 获取失败：t589qo8x4.verse第2页《不存在》当前带单数据
2025-04-14 14:38:23,953 INFO     [ThreadPoolExecutor-0_7] htx htx.py: 376: 获取失败：沧澜初心第2页《不存在》当前带单数据
2025-04-14 14:38:24,315 INFO     [ThreadPoolExecutor-0_0] htx htx.py: 376: 获取失败：zie****@163.com第2页《不存在》当前带单数据
2025-04-14 14:38:24,375 INFO     [ThreadPoolExecutor-0_10] htx htx.py: 359: 获取成功：神仙姐姐141319第5页的100条历史带单数据
2025-04-14 14:38:24,466 INFO     [ThreadPoolExecutor-0_9] htx htx.py: 364: 获取失败：597****@qq.com第2页《不存在》当前带单数据
2025-04-14 14:38:24,468 INFO     [ThreadPoolExecutor-0_2] htx htx.py: 371: 获取成功：t589qo8x4.verse第1页的3条当前带单数据
2025-04-14 14:38:24,506 INFO     [ThreadPoolExecutor-0_11] htx htx.py: 359: 获取成功：敬自由第4页的100条历史带单数据
2025-04-14 14:38:24,601 INFO     [ThreadPoolExecutor-0_3] htx htx.py: 364: 获取失败：Terry Lau第2页《不存在》当前带单数据
2025-04-14 14:38:24,669 INFO     [ThreadPoolExecutor-0_6] htx htx.py: 376: 获取失败：152****5780第2页《不存在》当前带单数据
2025-04-14 14:38:24,910 INFO     [ThreadPoolExecutor-0_9] htx htx.py: 371: 获取成功：597****@qq.com第1页的1条当前带单数据
2025-04-14 14:38:24,988 INFO     [ThreadPoolExecutor-0_1] htx htx.py: 364: 获取失败：mm50888854第2页《不存在》当前带单数据
2025-04-14 14:38:25,182 INFO     [ThreadPoolExecutor-0_4] htx htx.py: 376: 获取失败：crystalzh6878第2页《不存在》当前带单数据
2025-04-14 14:38:25,185 INFO     [ThreadPoolExecutor-0_3] htx htx.py: 371: 获取成功：Terry Lau第1页的34条当前带单数据
2025-04-14 14:38:25,193 INFO     [ThreadPoolExecutor-0_8] htx htx.py: 359: 获取成功：Jack_advisor第2页的73条历史带单数据
2025-04-14 14:38:25,408 INFO     [ThreadPoolExecutor-0_1] htx htx.py: 371: 获取成功：mm50888854第1页的6条当前带单数据
2025-04-14 14:38:25,913 INFO     [ThreadPoolExecutor-0_10] htx htx.py: 359: 获取成功：神仙姐姐141319第6页的100条历史带单数据
2025-04-14 14:38:25,934 INFO     [ThreadPoolExecutor-0_2] htx htx.py: 376: 获取失败：t589qo8x4.verse第2页《不存在》当前带单数据
2025-04-14 14:38:25,942 INFO     [ThreadPoolExecutor-0_11] htx htx.py: 359: 获取成功：敬自由第5页的100条历史带单数据
2025-04-14 14:38:26,308 INFO     [ThreadPoolExecutor-0_9] htx htx.py: 376: 获取失败：597****@qq.com第2页《不存在》当前带单数据
2025-04-14 14:38:26,556 INFO     [ThreadPoolExecutor-0_3] htx htx.py: 376: 获取失败：Terry Lau第2页《不存在》当前带单数据
2025-04-14 14:38:26,616 INFO     [ThreadPoolExecutor-0_8] htx htx.py: 364: 获取失败：Jack_advisor第3页《不存在》当前带单数据
2025-04-14 14:38:26,819 INFO     [ThreadPoolExecutor-0_1] htx htx.py: 376: 获取失败：mm50888854第2页《不存在》当前带单数据
2025-04-14 14:38:26,923 INFO     [ThreadPoolExecutor-0_8] htx htx.py: 371: 获取成功：Jack_advisor第1页的2条当前带单数据
2025-04-14 14:38:27,337 INFO     [ThreadPoolExecutor-0_10] htx htx.py: 359: 获取成功：神仙姐姐141319第7页的100条历史带单数据
2025-04-14 14:38:27,361 INFO     [ThreadPoolExecutor-0_11] htx htx.py: 359: 获取成功：敬自由第6页的100条历史带单数据
2025-04-14 14:38:28,357 INFO     [ThreadPoolExecutor-0_8] htx htx.py: 376: 获取失败：Jack_advisor第2页《不存在》当前带单数据
2025-04-14 14:38:28,897 INFO     [ThreadPoolExecutor-0_11] htx htx.py: 359: 获取成功：敬自由第7页的100条历史带单数据
2025-04-14 14:38:29,295 INFO     [ThreadPoolExecutor-0_10] htx htx.py: 359: 获取成功：神仙姐姐141319第8页的19条历史带单数据
2025-04-14 14:38:30,304 INFO     [ThreadPoolExecutor-0_11] htx htx.py: 359: 获取成功：敬自由第8页的31条历史带单数据
2025-04-14 14:38:30,634 INFO     [ThreadPoolExecutor-0_10] htx htx.py: 364: 获取失败：神仙姐姐141319第9页《不存在》当前带单数据
2025-04-14 14:38:31,020 INFO     [ThreadPoolExecutor-0_10] htx htx.py: 371: 获取成功：神仙姐姐141319第1页的6条当前带单数据
2025-04-14 14:38:31,837 INFO     [ThreadPoolExecutor-0_11] htx htx.py: 364: 获取失败：敬自由第9页《不存在》当前带单数据
2025-04-14 14:38:32,554 INFO     [ThreadPoolExecutor-0_11] htx htx.py: 371: 获取成功：敬自由第1页的9条当前带单数据
2025-04-14 14:38:32,700 INFO     [ThreadPoolExecutor-0_10] htx htx.py: 376: 获取失败：神仙姐姐141319第2页《不存在》当前带单数据
2025-04-14 14:38:33,898 INFO     [ThreadPoolExecutor-0_11] htx htx.py: 376: 获取失败：敬自由第2页《不存在》当前带单数据
2025-04-14 14:40:22,417 INFO     [ThreadPoolExecutor-0_1] htx htx.py: 359: 获取成功：Ava第1页的12条历史带单数据
2025-04-14 14:40:22,681 INFO     [ThreadPoolExecutor-0_5] htx htx.py: 359: 获取成功：136****@163.com第1页的9条历史带单数据
2025-04-14 14:40:22,685 INFO     [ThreadPoolExecutor-0_4] htx htx.py: 364: 获取失败：scs****@163.com第1页《不存在》当前带单数据
2025-04-14 14:40:22,687 INFO     [ThreadPoolExecutor-0_8] htx htx.py: 359: 获取成功：qiu****@163.com第1页的17条历史带单数据
2025-04-14 14:40:22,693 INFO     [ThreadPoolExecutor-0_0] htx htx.py: 359: 获取成功：alp****@outlook.com第1页的5条历史带单数据
2025-04-14 14:40:22,744 INFO     [ThreadPoolExecutor-0_3] htx htx.py: 359: 获取成功：驱驰第1页的15条历史带单数据
2025-04-14 14:40:22,746 INFO     [ThreadPoolExecutor-0_10] htx htx.py: 359: 获取成功：ban****@163.com第1页的52条历史带单数据
2025-04-14 14:40:22,751 INFO     [ThreadPoolExecutor-0_2] htx htx.py: 359: 获取成功：专注ETH第1页的16条历史带单数据
2025-04-14 14:40:22,902 INFO     [ThreadPoolExecutor-0_6] htx htx.py: 364: 获取失败：luq****@163.com第1页《不存在》当前带单数据
2025-04-14 14:40:22,908 INFO     [ThreadPoolExecutor-0_11] htx htx.py: 364: 获取失败：zha****@163.com第1页《不存在》当前带单数据
2025-04-14 14:40:22,915 INFO     [ThreadPoolExecutor-0_9] htx htx.py: 359: 获取成功：bos****@163.com第1页的40条历史带单数据
2025-04-14 14:40:22,921 INFO     [ThreadPoolExecutor-0_7] htx htx.py: 359: 获取成功：USDTcnc第1页的45条历史带单数据
2025-04-14 14:40:23,251 INFO     [ThreadPoolExecutor-0_4] htx htx.py: 371: 获取成功：scs****@163.com第1页的6条当前带单数据
2025-04-14 14:40:23,378 INFO     [ThreadPoolExecutor-0_6] htx htx.py: 371: 获取成功：luq****@163.com第1页的10条当前带单数据
2025-04-14 14:40:23,401 INFO     [ThreadPoolExecutor-0_11] htx htx.py: 371: 获取成功：zha****@163.com第1页的15条当前带单数据
2025-04-14 14:40:24,052 INFO     [ThreadPoolExecutor-0_1] htx htx.py: 364: 获取失败：Ava第2页《不存在》当前带单数据
2025-04-14 14:40:24,279 INFO     [ThreadPoolExecutor-0_8] htx htx.py: 364: 获取失败：qiu****@163.com第2页《不存在》当前带单数据
2025-04-14 14:40:24,283 INFO     [ThreadPoolExecutor-0_3] htx htx.py: 364: 获取失败：驱驰第2页《不存在》当前带单数据
2025-04-14 14:40:24,474 INFO     [ThreadPoolExecutor-0_7] htx htx.py: 364: 获取失败：USDTcnc第2页《不存在》当前带单数据
2025-04-14 14:40:24,477 INFO     [ThreadPoolExecutor-0_5] htx htx.py: 364: 获取失败：136****@163.com第2页《不存在》当前带单数据
2025-04-14 14:40:24,515 INFO     [ThreadPoolExecutor-0_10] htx htx.py: 364: 获取失败：ban****@163.com第2页《不存在》当前带单数据
2025-04-14 14:40:24,535 INFO     [ThreadPoolExecutor-0_0] htx htx.py: 364: 获取失败：alp****@outlook.com第2页《不存在》当前带单数据
2025-04-14 14:40:24,538 INFO     [ThreadPoolExecutor-0_2] htx htx.py: 364: 获取失败：专注ETH第2页《不存在》当前带单数据
2025-04-14 14:40:24,619 INFO     [ThreadPoolExecutor-0_9] htx htx.py: 364: 获取失败：bos****@163.com第2页《不存在》当前带单数据
2025-04-14 14:40:24,626 INFO     [ThreadPoolExecutor-0_1] htx htx.py: 371: 获取成功：Ava第1页的3条当前带单数据
2025-04-14 14:40:24,908 INFO     [ThreadPoolExecutor-0_4] htx htx.py: 376: 获取失败：scs****@163.com第2页《不存在》当前带单数据
2025-04-14 14:40:25,031 INFO     [ThreadPoolExecutor-0_11] htx htx.py: 376: 获取失败：zha****@163.com第2页《不存在》当前带单数据
2025-04-14 14:40:25,032 INFO     [ThreadPoolExecutor-0_8] htx htx.py: 376: 获取失败：qiu****@163.com第1页《不存在》当前带单数据
2025-04-14 14:40:25,035 INFO     [ThreadPoolExecutor-0_10] htx htx.py: 376: 获取失败：ban****@163.com第1页《不存在》当前带单数据
2025-04-14 14:40:25,250 INFO     [ThreadPoolExecutor-0_2] htx htx.py: 376: 获取失败：专注ETH第1页《不存在》当前带单数据
2025-04-14 14:40:25,287 INFO     [ThreadPoolExecutor-0_6] htx htx.py: 376: 获取失败：luq****@163.com第2页《不存在》当前带单数据
2025-04-14 14:40:25,304 INFO     [ThreadPoolExecutor-0_7] htx htx.py: 376: 获取失败：USDTcnc第1页《不存在》当前带单数据
2025-04-14 14:40:25,307 INFO     [ThreadPoolExecutor-0_3] htx htx.py: 371: 获取成功：驱驰第1页的5条当前带单数据
2025-04-14 14:40:25,311 INFO     [ThreadPoolExecutor-0_9] htx htx.py: 376: 获取失败：bos****@163.com第1页《不存在》当前带单数据
2025-04-14 14:40:25,537 INFO     [ThreadPoolExecutor-0_5] htx htx.py: 371: 获取成功：136****@163.com第1页的8条当前带单数据
2025-04-14 14:40:25,540 INFO     [ThreadPoolExecutor-0_0] htx htx.py: 371: 获取成功：alp****@outlook.com第1页的5条当前带单数据
2025-04-14 14:40:25,546 INFO     [ThreadPoolExecutor-0_8] htx htx.py: 359: 获取成功：don****@163.com第1页的46条历史带单数据
2025-04-14 14:40:25,646 INFO     [ThreadPoolExecutor-0_2] htx htx.py: 359: 获取成功：dia****@163.com第1页的42条历史带单数据
2025-04-14 14:40:25,650 INFO     [ThreadPoolExecutor-0_11] htx htx.py: 359: 获取成功：ang****@163.com第1页的38条历史带单数据
2025-04-14 14:40:25,712 INFO     [ThreadPoolExecutor-0_10] htx htx.py: 359: 获取成功：ton****@163.com第1页的77条历史带单数据
2025-04-14 14:40:25,821 INFO     [ThreadPoolExecutor-0_4] htx htx.py: 359: 获取成功：lun****@outlook.com第1页的92条历史带单数据
2025-04-14 14:40:25,919 INFO     [ThreadPoolExecutor-0_7] htx htx.py: 359: 获取成功：bi1****@163.com第1页的66条历史带单数据
2025-04-14 14:40:26,019 INFO     [ThreadPoolExecutor-0_9] htx htx.py: 359: 获取成功：de4****@163.com第1页的100条历史带单数据
2025-04-14 14:40:26,060 INFO     [ThreadPoolExecutor-0_1] htx htx.py: 376: 获取失败：Ava第2页《不存在》当前带单数据
2025-04-14 14:40:26,123 INFO     [ThreadPoolExecutor-0_6] htx htx.py: 359: 获取成功：Eeeely第1页的100条历史带单数据
2025-04-14 14:40:26,528 INFO     [ThreadPoolExecutor-0_1] htx htx.py: 359: 获取成功：多军永不为奴第1页的41条历史带单数据
2025-04-14 14:40:26,749 INFO     [ThreadPoolExecutor-0_3] htx htx.py: 376: 获取失败：驱驰第2页《不存在》当前带单数据
2025-04-14 14:40:27,074 INFO     [ThreadPoolExecutor-0_0] htx htx.py: 376: 获取失败：alp****@outlook.com第2页《不存在》当前带单数据
2025-04-14 14:40:27,076 INFO     [ThreadPoolExecutor-0_5] htx htx.py: 376: 获取失败：136****@163.com第2页《不存在》当前带单数据
2025-04-14 14:40:27,141 INFO     [ThreadPoolExecutor-0_8] htx htx.py: 364: 获取失败：don****@163.com第2页《不存在》当前带单数据
2025-04-14 14:40:27,449 INFO     [ThreadPoolExecutor-0_2] htx htx.py: 364: 获取失败：dia****@163.com第2页《不存在》当前带单数据
2025-04-14 14:40:27,452 INFO     [ThreadPoolExecutor-0_10] htx htx.py: 364: 获取失败：ton****@163.com第2页《不存在》当前带单数据
2025-04-14 14:40:27,455 INFO     [ThreadPoolExecutor-0_11] htx htx.py: 364: 获取失败：ang****@163.com第2页《不存在》当前带单数据
2025-04-14 14:40:27,463 INFO     [ThreadPoolExecutor-0_3] htx htx.py: 359: 获取成功：币圈老狼第1页的42条历史带单数据
2025-04-14 14:40:27,486 INFO     [ThreadPoolExecutor-0_4] htx htx.py: 364: 获取失败：lun****@outlook.com第2页《不存在》当前带单数据
2025-04-14 14:40:27,795 INFO     [ThreadPoolExecutor-0_7] htx htx.py: 364: 获取失败：bi1****@163.com第2页《不存在》当前带单数据
2025-04-14 14:40:27,860 INFO     [ThreadPoolExecutor-0_9] htx htx.py: 359: 获取成功：de4****@163.com第2页的33条历史带单数据
2025-04-14 14:40:28,000 INFO     [ThreadPoolExecutor-0_6] htx htx.py: 359: 获取成功：Eeeely第2页的62条历史带单数据
2025-04-14 14:40:28,016 INFO     [ThreadPoolExecutor-0_1] htx htx.py: 364: 获取失败：多军永不为奴第2页《不存在》当前带单数据
2025-04-14 14:40:28,021 INFO     [ThreadPoolExecutor-0_2] htx htx.py: 371: 获取成功：dia****@163.com第1页的4条当前带单数据
2025-04-14 14:40:28,023 INFO     [ThreadPoolExecutor-0_8] htx htx.py: 376: 获取失败：don****@163.com第1页《不存在》当前带单数据
2025-04-14 14:40:28,060 INFO     [ThreadPoolExecutor-0_5] htx htx.py: 359: 获取成功：风水玄学云大师第1页的100条历史带单数据
2025-04-14 14:40:28,068 INFO     [ThreadPoolExecutor-0_0] htx htx.py: 359: 获取成功：币圈小助理第1页的100条历史带单数据
2025-04-14 14:40:28,248 INFO     [ThreadPoolExecutor-0_10] htx htx.py: 371: 获取成功：ton****@163.com第1页的5条当前带单数据
2025-04-14 14:40:28,263 INFO     [ThreadPoolExecutor-0_4] htx htx.py: 371: 获取成功：lun****@outlook.com第1页的5条当前带单数据
2025-04-14 14:40:28,266 INFO     [ThreadPoolExecutor-0_7] htx htx.py: 376: 获取失败：bi1****@163.com第1页《不存在》当前带单数据
2025-04-14 14:40:28,269 INFO     [ThreadPoolExecutor-0_11] htx htx.py: 371: 获取成功：ang****@163.com第1页的4条当前带单数据
2025-04-14 14:40:28,474 INFO     [ThreadPoolExecutor-0_8] htx htx.py: 359: 获取成功：孤辰第1页的3条历史带单数据
2025-04-14 14:40:28,618 INFO     [ThreadPoolExecutor-0_1] htx htx.py: 371: 获取成功：多军永不为奴第1页的3条当前带单数据
2025-04-14 14:40:28,681 INFO     [ThreadPoolExecutor-0_7] htx htx.py: 359: 获取成功：Blockchain Wei第1页的100条历史带单数据
2025-04-14 14:40:28,885 INFO     [ThreadPoolExecutor-0_3] htx htx.py: 364: 获取失败：币圈老狼第2页《不存在》当前带单数据
2025-04-14 14:40:29,325 INFO     [ThreadPoolExecutor-0_9] htx htx.py: 364: 获取失败：de4****@163.com第3页《不存在》当前带单数据
2025-04-14 14:40:29,346 INFO     [ThreadPoolExecutor-0_3] htx htx.py: 371: 获取成功：币圈老狼第1页的2条当前带单数据
2025-04-14 14:40:29,593 INFO     [ThreadPoolExecutor-0_6] htx htx.py: 364: 获取失败：Eeeely第3页《不存在》当前带单数据
2025-04-14 14:40:29,801 INFO     [ThreadPoolExecutor-0_2] htx htx.py: 376: 获取失败：dia****@163.com第2页《不存在》当前带单数据
2025-04-14 14:40:29,803 INFO     [ThreadPoolExecutor-0_10] htx htx.py: 376: 获取失败：ton****@163.com第2页《不存在》当前带单数据
2025-04-14 14:40:29,810 INFO     [ThreadPoolExecutor-0_5] htx htx.py: 359: 获取成功：风水玄学云大师第2页的18条历史带单数据
2025-04-14 14:40:29,813 INFO     [ThreadPoolExecutor-0_4] htx htx.py: 376: 获取失败：lun****@outlook.com第2页《不存在》当前带单数据
2025-04-14 14:40:29,823 INFO     [ThreadPoolExecutor-0_0] htx htx.py: 359: 获取成功：币圈小助理第2页的100条历史带单数据
2025-04-14 14:40:29,825 INFO     [ThreadPoolExecutor-0_9] htx htx.py: 376: 获取失败：de4****@163.com第1页《不存在》当前带单数据
2025-04-14 14:40:30,105 INFO     [ThreadPoolExecutor-0_11] htx htx.py: 376: 获取失败：ang****@163.com第2页《不存在》当前带单数据
2025-04-14 14:40:30,121 INFO     [ThreadPoolExecutor-0_6] htx htx.py: 371: 获取成功：Eeeely第1页的5条当前带单数据
2025-04-14 14:40:30,177 INFO     [ThreadPoolExecutor-0_8] htx htx.py: 364: 获取失败：孤辰第2页《不存在》当前带单数据
2025-04-14 14:40:30,254 INFO     [ThreadPoolExecutor-0_1] htx htx.py: 376: 获取失败：多军永不为奴第2页《不存在》当前带单数据
2025-04-14 14:40:30,474 INFO     [ThreadPoolExecutor-0_7] htx htx.py: 359: 获取成功：Blockchain Wei第2页的100条历史带单数据
2025-04-14 14:40:30,481 INFO     [ThreadPoolExecutor-0_2] htx htx.py: 359: 获取成功：gen****@163.com第1页的98条历史带单数据
2025-04-14 14:40:30,525 INFO     [ThreadPoolExecutor-0_9] htx htx.py: 359: 获取成功：gyo****@126.com第1页的100条历史带单数据
2025-04-14 14:40:30,532 INFO     [ThreadPoolExecutor-0_4] htx htx.py: 359: 获取成功：152****5780第1页的100条历史带单数据
2025-04-14 14:40:30,610 INFO     [ThreadPoolExecutor-0_10] htx htx.py: 364: 获取失败：lia****@163.com第1页《不存在》当前带单数据
2025-04-14 14:40:30,772 INFO     [ThreadPoolExecutor-0_8] htx htx.py: 371: 获取成功：孤辰第1页的5条当前带单数据
2025-04-14 14:40:30,780 INFO     [ThreadPoolExecutor-0_11] htx htx.py: 359: 获取成功：lij****@163.com第1页的84条历史带单数据
2025-04-14 14:40:30,839 INFO     [ThreadPoolExecutor-0_1] htx htx.py: 359: 获取成功：gus****@163.com第1页的74条历史带单数据
2025-04-14 14:40:30,974 INFO     [ThreadPoolExecutor-0_3] htx htx.py: 376: 获取失败：币圈老狼第2页《不存在》当前带单数据
2025-04-14 14:40:31,033 INFO     [ThreadPoolExecutor-0_10] htx htx.py: 371: 获取成功：lia****@163.com第1页的7条当前带单数据
2025-04-14 14:40:31,135 INFO     [ThreadPoolExecutor-0_5] htx htx.py: 364: 获取失败：风水玄学云大师第3页《不存在》当前带单数据
2025-04-14 14:40:31,389 INFO     [ThreadPoolExecutor-0_0] htx htx.py: 359: 获取成功：币圈小助理第3页的100条历史带单数据
2025-04-14 14:40:31,636 INFO     [ThreadPoolExecutor-0_6] htx htx.py: 376: 获取失败：Eeeely第2页《不存在》当前带单数据
2025-04-14 14:40:31,638 INFO     [ThreadPoolExecutor-0_5] htx htx.py: 376: 获取失败：风水玄学云大师第1页《不存在》当前带单数据
2025-04-14 14:40:31,648 INFO     [ThreadPoolExecutor-0_3] htx htx.py: 359: 获取成功：MainstreamTrader第1页的100条历史带单数据
2025-04-14 14:40:32,091 INFO     [ThreadPoolExecutor-0_2] htx htx.py: 364: 获取失败：gen****@163.com第2页《不存在》当前带单数据
2025-04-14 14:40:32,098 INFO     [ThreadPoolExecutor-0_5] htx htx.py: 359: 获取成功：scs****@163.com第1页的16条历史带单数据
2025-04-14 14:40:32,103 INFO     [ThreadPoolExecutor-0_9] htx htx.py: 359: 获取成功：gyo****@126.com第2页的26条历史带单数据
2025-04-14 14:40:32,253 INFO     [ThreadPoolExecutor-0_4] htx htx.py: 359: 获取成功：152****5780第2页的100条历史带单数据
2025-04-14 14:40:32,267 INFO     [ThreadPoolExecutor-0_7] htx htx.py: 359: 获取成功：Blockchain Wei第3页的100条历史带单数据
2025-04-14 14:40:32,313 INFO     [ThreadPoolExecutor-0_1] htx htx.py: 364: 获取失败：gus****@163.com第2页《不存在》当前带单数据
2025-04-14 14:40:32,369 INFO     [ThreadPoolExecutor-0_6] htx htx.py: 359: 获取成功：神仙姐姐141319第1页的100条历史带单数据
2025-04-14 14:40:32,385 INFO     [ThreadPoolExecutor-0_2] htx htx.py: 371: 获取成功：gen****@163.com第1页的4条当前带单数据
2025-04-14 14:40:32,401 INFO     [ThreadPoolExecutor-0_8] htx htx.py: 376: 获取失败：孤辰第2页《不存在》当前带单数据
2025-04-14 14:40:32,415 INFO     [ThreadPoolExecutor-0_11] htx htx.py: 364: 获取失败：lij****@163.com第2页《不存在》当前带单数据
2025-04-14 14:40:32,683 INFO     [ThreadPoolExecutor-0_10] htx htx.py: 376: 获取失败：lia****@163.com第2页《不存在》当前带单数据
2025-04-14 14:40:32,900 INFO     [ThreadPoolExecutor-0_11] htx htx.py: 371: 获取成功：lij****@163.com第1页的4条当前带单数据
2025-04-14 14:40:32,907 INFO     [ThreadPoolExecutor-0_1] htx htx.py: 376: 获取失败：gus****@163.com第1页《不存在》当前带单数据
2025-04-14 14:40:32,934 INFO     [ThreadPoolExecutor-0_8] htx htx.py: 359: 获取成功：185****6160第1页的100条历史带单数据
2025-04-14 14:40:33,101 INFO     [ThreadPoolExecutor-0_0] htx htx.py: 359: 获取成功：币圈小助理第4页的100条历史带单数据
2025-04-14 14:40:33,284 INFO     [ThreadPoolExecutor-0_3] htx htx.py: 359: 获取成功：MainstreamTrader第2页的100条历史带单数据
2025-04-14 14:40:33,291 INFO     [ThreadPoolExecutor-0_1] htx htx.py: 359: 获取成功：zie****@163.com第1页的100条历史带单数据
2025-04-14 14:40:33,430 INFO     [ThreadPoolExecutor-0_9] htx htx.py: 364: 获取失败：gyo****@126.com第3页《不存在》当前带单数据
2025-04-14 14:40:33,658 INFO     [ThreadPoolExecutor-0_5] htx htx.py: 364: 获取失败：scs****@163.com第2页《不存在》当前带单数据
2025-04-14 14:40:33,665 INFO     [ThreadPoolExecutor-0_7] htx htx.py: 359: 获取成功：Blockchain Wei第4页的52条历史带单数据
2025-04-14 14:40:33,700 INFO     [ThreadPoolExecutor-0_4] htx htx.py: 359: 获取成功：152****5780第3页的100条历史带单数据
2025-04-14 14:40:33,892 INFO     [ThreadPoolExecutor-0_2] htx htx.py: 376: 获取失败：gen****@163.com第2页《不存在》当前带单数据
2025-04-14 14:40:34,156 INFO     [ThreadPoolExecutor-0_9] htx htx.py: 371: 获取成功：gyo****@126.com第1页的6条当前带单数据
2025-04-14 14:40:34,163 INFO     [ThreadPoolExecutor-0_6] htx htx.py: 359: 获取成功：神仙姐姐141319第2页的100条历史带单数据
2025-04-14 14:40:34,206 INFO     [ThreadPoolExecutor-0_5] htx htx.py: 376: 获取失败：scs****@163.com第1页《不存在》当前带单数据
2025-04-14 14:40:34,285 INFO     [ThreadPoolExecutor-0_2] htx htx.py: 359: 获取成功：敬自由第1页的100条历史带单数据
2025-04-14 14:40:34,341 INFO     [ThreadPoolExecutor-0_11] htx htx.py: 376: 获取失败：lij****@163.com第2页《不存在》当前带单数据
2025-04-14 14:40:34,360 INFO     [ThreadPoolExecutor-0_10] htx htx.py: 359: 获取成功：丛林法则C第1页的59条历史带单数据
2025-04-14 14:40:34,556 INFO     [ThreadPoolExecutor-0_8] htx htx.py: 359: 获取成功：185****6160第2页的48条历史带单数据
2025-04-14 14:40:34,663 INFO     [ThreadPoolExecutor-0_0] htx htx.py: 359: 获取成功：币圈小助理第5页的70条历史带单数据
2025-04-14 14:40:34,722 INFO     [ThreadPoolExecutor-0_5] htx htx.py: 359: 获取成功：沧澜初心第1页的70条历史带单数据
2025-04-14 14:40:34,869 INFO     [ThreadPoolExecutor-0_11] htx htx.py: 359: 获取成功：Alpha Trader第1页的28条历史带单数据
2025-04-14 14:40:34,875 INFO     [ThreadPoolExecutor-0_1] htx htx.py: 359: 获取成功：zie****@163.com第2页的97条历史带单数据
2025-04-14 14:40:34,879 INFO     [ThreadPoolExecutor-0_3] htx htx.py: 359: 获取成功：MainstreamTrader第3页的56条历史带单数据
2025-04-14 14:40:35,035 INFO     [ThreadPoolExecutor-0_7] htx htx.py: 364: 获取失败：Blockchain Wei第5页《不存在》当前带单数据
2025-04-14 14:40:35,176 INFO     [ThreadPoolExecutor-0_4] htx htx.py: 359: 获取成功：152****5780第4页的68条历史带单数据
2025-04-14 14:40:35,342 INFO     [ThreadPoolExecutor-0_7] htx htx.py: 376: 获取失败：Blockchain Wei第1页《不存在》当前带单数据
2025-04-14 14:40:35,686 INFO     [ThreadPoolExecutor-0_9] htx htx.py: 376: 获取失败：gyo****@126.com第2页《不存在》当前带单数据
2025-04-14 14:40:35,849 INFO     [ThreadPoolExecutor-0_10] htx htx.py: 364: 获取失败：丛林法则C第2页《不存在》当前带单数据
2025-04-14 14:40:35,908 INFO     [ThreadPoolExecutor-0_6] htx htx.py: 359: 获取成功：神仙姐姐141319第3页的100条历史带单数据
2025-04-14 14:40:35,915 INFO     [ThreadPoolExecutor-0_8] htx htx.py: 364: 获取失败：185****6160第3页《不存在》当前带单数据
2025-04-14 14:40:35,918 INFO     [ThreadPoolExecutor-0_7] htx htx.py: 359: 获取成功：crystalzh6878第1页的78条历史带单数据
2025-04-14 14:40:35,953 INFO     [ThreadPoolExecutor-0_2] htx htx.py: 359: 获取成功：敬自由第2页的100条历史带单数据
2025-04-14 14:40:36,213 INFO     [ThreadPoolExecutor-0_5] htx htx.py: 364: 获取失败：沧澜初心第2页《不存在》当前带单数据
2025-04-14 14:40:36,215 INFO     [ThreadPoolExecutor-0_0] htx htx.py: 364: 获取失败：币圈小助理第6页《不存在》当前带单数据
2025-04-14 14:40:36,222 INFO     [ThreadPoolExecutor-0_9] htx htx.py: 359: 获取成功：t589qo8x4.verse第1页的55条历史带单数据
2025-04-14 14:40:36,439 INFO     [ThreadPoolExecutor-0_10] htx htx.py: 371: 获取成功：丛林法则C第1页的1条当前带单数据
2025-04-14 14:40:36,482 INFO     [ThreadPoolExecutor-0_1] htx htx.py: 364: 获取失败：zie****@163.com第3页《不存在》当前带单数据
2025-04-14 14:40:36,564 INFO     [ThreadPoolExecutor-0_11] htx htx.py: 364: 获取失败：Alpha Trader第2页《不存在》当前带单数据
2025-04-14 14:40:36,568 INFO     [ThreadPoolExecutor-0_3] htx htx.py: 364: 获取失败：MainstreamTrader第4页《不存在》当前带单数据
2025-04-14 14:40:36,611 INFO     [ThreadPoolExecutor-0_8] htx htx.py: 376: 获取失败：185****6160第1页《不存在》当前带单数据
2025-04-14 14:40:36,792 INFO     [ThreadPoolExecutor-0_4] htx htx.py: 364: 获取失败：152****5780第5页《不存在》当前带单数据
2025-04-14 14:40:36,795 INFO     [ThreadPoolExecutor-0_5] htx htx.py: 371: 获取成功：沧澜初心第1页的2条当前带单数据
2025-04-14 14:40:36,811 INFO     [ThreadPoolExecutor-0_0] htx htx.py: 371: 获取成功：币圈小助理第1页的35条当前带单数据
2025-04-14 14:40:36,972 INFO     [ThreadPoolExecutor-0_1] htx htx.py: 371: 获取成功：zie****@163.com第1页的11条当前带单数据
2025-04-14 14:40:36,974 INFO     [ThreadPoolExecutor-0_3] htx htx.py: 371: 获取成功：MainstreamTrader第1页的1条当前带单数据
2025-04-14 14:40:37,197 INFO     [ThreadPoolExecutor-0_11] htx htx.py: 376: 获取失败：Alpha Trader第1页《不存在》当前带单数据
2025-04-14 14:40:37,213 INFO     [ThreadPoolExecutor-0_8] htx htx.py: 359: 获取成功：597****@qq.com第1页的9条历史带单数据
2025-04-14 14:40:37,371 INFO     [ThreadPoolExecutor-0_4] htx htx.py: 371: 获取成功：152****5780第1页的13条当前带单数据
2025-04-14 14:40:37,381 INFO     [ThreadPoolExecutor-0_7] htx htx.py: 364: 获取失败：crystalzh6878第2页《不存在》当前带单数据
2025-04-14 14:40:37,634 INFO     [ThreadPoolExecutor-0_2] htx htx.py: 359: 获取成功：敬自由第3页的100条历史带单数据
2025-04-14 14:40:37,641 INFO     [ThreadPoolExecutor-0_6] htx htx.py: 359: 获取成功：神仙姐姐141319第4页的100条历史带单数据
2025-04-14 14:40:37,647 INFO     [ThreadPoolExecutor-0_11] htx htx.py: 359: 获取成功：Terry Lau第1页的89条历史带单数据
2025-04-14 14:40:37,689 INFO     [ThreadPoolExecutor-0_9] htx htx.py: 364: 获取失败：t589qo8x4.verse第2页《不存在》当前带单数据
2025-04-14 14:40:37,791 INFO     [ThreadPoolExecutor-0_7] htx htx.py: 371: 获取成功：crystalzh6878第1页的11条当前带单数据
2025-04-14 14:40:38,089 INFO     [ThreadPoolExecutor-0_9] htx htx.py: 371: 获取成功：t589qo8x4.verse第1页的3条当前带单数据
2025-04-14 14:40:38,099 INFO     [ThreadPoolExecutor-0_10] htx htx.py: 376: 获取失败：丛林法则C第2页《不存在》当前带单数据
2025-04-14 14:40:38,243 INFO     [ThreadPoolExecutor-0_5] htx htx.py: 376: 获取失败：沧澜初心第2页《不存在》当前带单数据
2025-04-14 14:40:38,247 INFO     [ThreadPoolExecutor-0_0] htx htx.py: 376: 获取失败：币圈小助理第2页《不存在》当前带单数据
2025-04-14 14:40:38,335 INFO     [ThreadPoolExecutor-0_1] htx htx.py: 376: 获取失败：zie****@163.com第2页《不存在》当前带单数据
2025-04-14 14:40:38,562 INFO     [ThreadPoolExecutor-0_10] htx htx.py: 359: 获取成功：Jack_advisor第1页的100条历史带单数据
2025-04-14 14:40:38,612 INFO     [ThreadPoolExecutor-0_5] htx htx.py: 359: 获取成功：mm50888854第1页的15条历史带单数据
2025-04-14 14:40:38,625 INFO     [ThreadPoolExecutor-0_8] htx htx.py: 364: 获取失败：597****@qq.com第2页《不存在》当前带单数据
2025-04-14 14:40:38,890 INFO     [ThreadPoolExecutor-0_4] htx htx.py: 376: 获取失败：152****5780第2页《不存在》当前带单数据
2025-04-14 14:40:39,166 INFO     [ThreadPoolExecutor-0_11] htx htx.py: 364: 获取失败：Terry Lau第2页《不存在》当前带单数据
2025-04-14 14:40:39,220 INFO     [ThreadPoolExecutor-0_2] htx htx.py: 359: 获取成功：敬自由第4页的100条历史带单数据
2025-04-14 14:40:39,226 INFO     [ThreadPoolExecutor-0_6] htx htx.py: 359: 获取成功：神仙姐姐141319第5页的100条历史带单数据
2025-04-14 14:40:39,294 INFO     [ThreadPoolExecutor-0_7] htx htx.py: 376: 获取失败：crystalzh6878第2页《不存在》当前带单数据
2025-04-14 14:40:39,326 INFO     [ThreadPoolExecutor-0_8] htx htx.py: 371: 获取成功：597****@qq.com第1页的1条当前带单数据
2025-04-14 14:40:39,385 INFO     [ThreadPoolExecutor-0_3] htx htx.py: 376: 获取失败：MainstreamTrader第2页《不存在》当前带单数据
2025-04-14 14:40:39,437 INFO     [ThreadPoolExecutor-0_9] htx htx.py: 376: 获取失败：t589qo8x4.verse第2页《不存在》当前带单数据
2025-04-14 14:40:39,665 INFO     [ThreadPoolExecutor-0_11] htx htx.py: 371: 获取成功：Terry Lau第1页的34条当前带单数据
2025-04-14 14:40:39,980 INFO     [ThreadPoolExecutor-0_10] htx htx.py: 359: 获取成功：Jack_advisor第2页的73条历史带单数据
2025-04-14 14:40:40,043 INFO     [ThreadPoolExecutor-0_5] htx htx.py: 364: 获取失败：mm50888854第2页《不存在》当前带单数据
2025-04-14 14:40:40,494 INFO     [ThreadPoolExecutor-0_5] htx htx.py: 371: 获取成功：mm50888854第1页的6条当前带单数据
2025-04-14 14:40:40,707 INFO     [ThreadPoolExecutor-0_8] htx htx.py: 376: 获取失败：597****@qq.com第2页《不存在》当前带单数据
2025-04-14 14:40:40,808 INFO     [ThreadPoolExecutor-0_2] htx htx.py: 359: 获取成功：敬自由第5页的100条历史带单数据
2025-04-14 14:40:40,972 INFO     [ThreadPoolExecutor-0_6] htx htx.py: 359: 获取成功：神仙姐姐141319第6页的100条历史带单数据
2025-04-14 14:40:41,168 INFO     [ThreadPoolExecutor-0_11] htx htx.py: 376: 获取失败：Terry Lau第2页《不存在》当前带单数据
2025-04-14 14:40:41,286 INFO     [ThreadPoolExecutor-0_10] htx htx.py: 364: 获取失败：Jack_advisor第3页《不存在》当前带单数据
2025-04-14 14:40:41,683 INFO     [ThreadPoolExecutor-0_10] htx htx.py: 371: 获取成功：Jack_advisor第1页的2条当前带单数据
2025-04-14 14:40:41,945 INFO     [ThreadPoolExecutor-0_5] htx htx.py: 376: 获取失败：mm50888854第2页《不存在》当前带单数据
2025-04-14 14:40:42,402 INFO     [ThreadPoolExecutor-0_2] htx htx.py: 359: 获取成功：敬自由第6页的100条历史带单数据
2025-04-14 14:40:42,607 INFO     [ThreadPoolExecutor-0_6] htx htx.py: 359: 获取成功：神仙姐姐141319第7页的100条历史带单数据
2025-04-14 14:40:43,012 INFO     [ThreadPoolExecutor-0_10] htx htx.py: 376: 获取失败：Jack_advisor第2页《不存在》当前带单数据
2025-04-14 14:40:43,873 INFO     [ThreadPoolExecutor-0_2] htx htx.py: 359: 获取成功：敬自由第7页的100条历史带单数据
2025-04-14 14:40:43,953 INFO     [ThreadPoolExecutor-0_6] htx htx.py: 359: 获取成功：神仙姐姐141319第8页的19条历史带单数据
2025-04-14 14:40:45,297 INFO     [ThreadPoolExecutor-0_6] htx htx.py: 364: 获取失败：神仙姐姐141319第9页《不存在》当前带单数据
2025-04-14 14:40:45,371 INFO     [ThreadPoolExecutor-0_2] htx htx.py: 359: 获取成功：敬自由第8页的31条历史带单数据
2025-04-14 14:40:45,777 INFO     [ThreadPoolExecutor-0_6] htx htx.py: 371: 获取成功：神仙姐姐141319第1页的6条当前带单数据
2025-04-14 14:40:46,747 INFO     [ThreadPoolExecutor-0_2] htx htx.py: 364: 获取失败：敬自由第9页《不存在》当前带单数据
2025-04-14 14:40:47,157 INFO     [ThreadPoolExecutor-0_6] htx htx.py: 376: 获取失败：神仙姐姐141319第2页《不存在》当前带单数据
2025-04-14 14:40:47,211 INFO     [ThreadPoolExecutor-0_2] htx htx.py: 371: 获取成功：敬自由第1页的9条当前带单数据
2025-04-14 14:40:48,670 INFO     [ThreadPoolExecutor-0_2] htx htx.py: 376: 获取失败：敬自由第2页《不存在》当前带单数据
2025-04-14 14:43:29,174 INFO     [ThreadPoolExecutor-0_6] htx htx.py: 364: 获取失败：luq****@163.com第1页《不存在》当前带单数据
2025-04-14 14:43:29,402 INFO     [ThreadPoolExecutor-0_0] htx htx.py: 359: 获取成功：alp****@outlook.com第1页的5条历史带单数据
2025-04-14 14:43:29,406 INFO     [ThreadPoolExecutor-0_11] htx htx.py: 364: 获取失败：zha****@163.com第1页《不存在》当前带单数据
2025-04-14 14:43:29,414 INFO     [ThreadPoolExecutor-0_5] htx htx.py: 359: 获取成功：136****@163.com第1页的9条历史带单数据
2025-04-14 14:43:29,427 INFO     [ThreadPoolExecutor-0_1] htx htx.py: 359: 获取成功：Ava第1页的12条历史带单数据
2025-04-14 14:43:29,438 INFO     [ThreadPoolExecutor-0_2] htx htx.py: 359: 获取成功：专注ETH第1页的16条历史带单数据
2025-04-14 14:43:29,461 INFO     [ThreadPoolExecutor-0_7] htx htx.py: 359: 获取成功：USDTcnc第1页的45条历史带单数据
2025-04-14 14:43:29,466 INFO     [ThreadPoolExecutor-0_9] htx htx.py: 359: 获取成功：bos****@163.com第1页的40条历史带单数据
2025-04-14 14:43:29,684 INFO     [ThreadPoolExecutor-0_3] htx htx.py: 364: 获取失败：scs****@163.com第1页《不存在》当前带单数据
2025-04-14 14:43:29,701 INFO     [ThreadPoolExecutor-0_8] htx htx.py: 359: 获取成功：qiu****@163.com第1页的17条历史带单数据
2025-04-14 14:43:29,712 INFO     [ThreadPoolExecutor-0_4] htx htx.py: 359: 获取成功：驱驰第1页的15条历史带单数据
2025-04-14 14:43:29,730 INFO     [ThreadPoolExecutor-0_10] htx htx.py: 359: 获取成功：ban****@163.com第1页的52条历史带单数据
2025-04-14 14:43:29,901 INFO     [ThreadPoolExecutor-0_6] htx htx.py: 371: 获取成功：luq****@163.com第1页的10条当前带单数据
2025-04-14 14:43:30,084 INFO     [ThreadPoolExecutor-0_11] htx htx.py: 371: 获取成功：zha****@163.com第1页的15条当前带单数据
2025-04-14 14:43:30,153 INFO     [ThreadPoolExecutor-0_3] htx htx.py: 371: 获取成功：scs****@163.com第1页的6条当前带单数据
2025-04-14 14:43:31,807 INFO     [ThreadPoolExecutor-0_7] htx htx.py: 364: 获取失败：USDTcnc第2页《不存在》当前带单数据
2025-04-14 14:43:31,856 INFO     [ThreadPoolExecutor-0_2] htx htx.py: 364: 获取失败：专注ETH第2页《不存在》当前带单数据
2025-04-14 14:43:31,861 INFO     [ThreadPoolExecutor-0_9] htx htx.py: 364: 获取失败：bos****@163.com第2页《不存在》当前带单数据
2025-04-14 14:43:31,868 INFO     [ThreadPoolExecutor-0_0] htx htx.py: 364: 获取失败：alp****@outlook.com第2页《不存在》当前带单数据
2025-04-14 14:43:31,873 INFO     [ThreadPoolExecutor-0_1] htx htx.py: 364: 获取失败：Ava第2页《不存在》当前带单数据
2025-04-14 14:43:31,902 INFO     [ThreadPoolExecutor-0_5] htx htx.py: 364: 获取失败：136****@163.com第2页《不存在》当前带单数据
2025-04-14 14:43:32,660 INFO     [ThreadPoolExecutor-0_6] htx htx.py: 376: 获取失败：luq****@163.com第2页《不存在》当前带单数据
2025-04-14 14:43:32,721 INFO     [ThreadPoolExecutor-0_8] htx htx.py: 364: 获取失败：qiu****@163.com第2页《不存在》当前带单数据
2025-04-14 14:43:32,728 INFO     [ThreadPoolExecutor-0_3] htx htx.py: 376: 获取失败：scs****@163.com第2页《不存在》当前带单数据
2025-04-14 14:43:32,732 INFO     [ThreadPoolExecutor-0_11] htx htx.py: 376: 获取失败：zha****@163.com第2页《不存在》当前带单数据
2025-04-14 14:43:32,737 INFO     [ThreadPoolExecutor-0_4] htx htx.py: 364: 获取失败：驱驰第2页《不存在》当前带单数据
2025-04-14 14:43:32,742 INFO     [ThreadPoolExecutor-0_10] htx htx.py: 364: 获取失败：ban****@163.com第2页《不存在》当前带单数据
2025-04-14 14:43:32,834 INFO     [ThreadPoolExecutor-0_7] htx htx.py: 376: 获取失败：USDTcnc第1页《不存在》当前带单数据
2025-04-14 14:43:33,353 INFO     [ThreadPoolExecutor-0_2] htx htx.py: 376: 获取失败：专注ETH第1页《不存在》当前带单数据
2025-04-14 14:43:33,355 INFO     [ThreadPoolExecutor-0_1] htx htx.py: 371: 获取成功：Ava第1页的3条当前带单数据
2025-04-14 14:43:33,448 INFO     [ThreadPoolExecutor-0_0] htx htx.py: 371: 获取成功：alp****@outlook.com第1页的5条当前带单数据
2025-04-14 14:43:33,478 INFO     [ThreadPoolExecutor-0_5] htx htx.py: 371: 获取成功：136****@163.com第1页的8条当前带单数据
2025-04-14 14:43:33,483 INFO     [ThreadPoolExecutor-0_9] htx htx.py: 376: 获取失败：bos****@163.com第1页《不存在》当前带单数据
2025-04-14 14:43:33,511 INFO     [ThreadPoolExecutor-0_8] htx htx.py: 376: 获取失败：qiu****@163.com第1页《不存在》当前带单数据
2025-04-14 14:43:33,909 INFO     [ThreadPoolExecutor-0_10] htx htx.py: 376: 获取失败：ban****@163.com第1页《不存在》当前带单数据
2025-04-14 14:43:34,060 INFO     [ThreadPoolExecutor-0_4] htx htx.py: 371: 获取成功：驱驰第1页的5条当前带单数据
2025-04-14 14:43:34,073 INFO     [ThreadPoolExecutor-0_11] htx htx.py: 359: 获取成功：don****@163.com第1页的46条历史带单数据
2025-04-14 14:43:34,082 INFO     [ThreadPoolExecutor-0_3] htx htx.py: 359: 获取成功：ang****@163.com第1页的38条历史带单数据
2025-04-14 14:43:34,103 INFO     [ThreadPoolExecutor-0_7] htx htx.py: 359: 获取成功：ton****@163.com第1页的77条历史带单数据
2025-04-14 14:43:34,269 INFO     [ThreadPoolExecutor-0_9] htx htx.py: 359: 获取成功：Eeeely第1页的100条历史带单数据
2025-04-14 14:43:34,385 INFO     [ThreadPoolExecutor-0_8] htx htx.py: 359: 获取成功：bi1****@163.com第1页的66条历史带单数据
2025-04-14 14:43:34,452 INFO     [ThreadPoolExecutor-0_2] htx htx.py: 359: 获取成功：dia****@163.com第1页的42条历史带单数据
2025-04-14 14:43:34,480 INFO     [ThreadPoolExecutor-0_6] htx htx.py: 359: 获取成功：lun****@outlook.com第1页的92条历史带单数据
2025-04-14 14:43:34,603 INFO     [ThreadPoolExecutor-0_10] htx htx.py: 359: 获取成功：de4****@163.com第1页的100条历史带单数据
2025-04-14 14:43:35,524 INFO     [ThreadPoolExecutor-0_5] htx htx.py: 376: 获取失败：136****@163.com第2页《不存在》当前带单数据
2025-04-14 14:43:35,646 INFO     [ThreadPoolExecutor-0_1] htx htx.py: 376: 获取失败：Ava第2页《不存在》当前带单数据
2025-04-14 14:43:35,649 INFO     [ThreadPoolExecutor-0_0] htx htx.py: 376: 获取失败：alp****@outlook.com第2页《不存在》当前带单数据
2025-04-14 14:43:36,725 INFO     [ThreadPoolExecutor-0_4] htx htx.py: 376: 获取失败：驱驰第2页《不存在》当前带单数据
2025-04-14 14:43:36,729 INFO     [ThreadPoolExecutor-0_7] htx htx.py: 364: 获取失败：ton****@163.com第2页《不存在》当前带单数据
2025-04-14 14:43:36,734 INFO     [ThreadPoolExecutor-0_3] htx htx.py: 364: 获取失败：ang****@163.com第2页《不存在》当前带单数据
2025-04-14 14:43:36,739 INFO     [ThreadPoolExecutor-0_11] htx htx.py: 364: 获取失败：don****@163.com第2页《不存在》当前带单数据
2025-04-14 14:43:37,526 INFO     [ThreadPoolExecutor-0_8] htx htx.py: 364: 获取失败：bi1****@163.com第2页《不存在》当前带单数据
2025-04-14 14:43:37,530 INFO     [ThreadPoolExecutor-0_2] htx htx.py: 364: 获取失败：dia****@163.com第2页《不存在》当前带单数据
2025-04-14 14:43:37,539 INFO     [ThreadPoolExecutor-0_6] htx htx.py: 364: 获取失败：lun****@outlook.com第2页《不存在》当前带单数据
2025-04-14 14:43:37,558 INFO     [ThreadPoolExecutor-0_10] htx htx.py: 359: 获取成功：de4****@163.com第2页的33条历史带单数据
2025-04-14 14:43:37,576 INFO     [ThreadPoolExecutor-0_1] htx htx.py: 359: 获取成功：币圈老狼第1页的42条历史带单数据
2025-04-14 14:43:37,580 INFO     [ThreadPoolExecutor-0_5] htx htx.py: 359: 获取成功：多军永不为奴第1页的41条历史带单数据
2025-04-14 14:43:37,594 INFO     [ThreadPoolExecutor-0_9] htx htx.py: 359: 获取成功：Eeeely第2页的62条历史带单数据
2025-04-14 14:43:37,614 INFO     [ThreadPoolExecutor-0_0] htx htx.py: 359: 获取成功：币圈小助理第1页的100条历史带单数据
2025-04-14 14:43:37,879 INFO     [ThreadPoolExecutor-0_11] htx htx.py: 376: 获取失败：don****@163.com第1页《不存在》当前带单数据
2025-04-14 14:43:37,883 INFO     [ThreadPoolExecutor-0_3] htx htx.py: 371: 获取成功：ang****@163.com第1页的4条当前带单数据
2025-04-14 14:43:37,917 INFO     [ThreadPoolExecutor-0_7] htx htx.py: 371: 获取成功：ton****@163.com第1页的5条当前带单数据
2025-04-14 14:43:37,938 INFO     [ThreadPoolExecutor-0_4] htx htx.py: 359: 获取成功：风水玄学云大师第1页的100条历史带单数据
2025-04-14 14:43:38,144 INFO     [ThreadPoolExecutor-0_2] htx htx.py: 371: 获取成功：dia****@163.com第1页的4条当前带单数据
2025-04-14 14:43:38,269 INFO     [ThreadPoolExecutor-0_6] htx htx.py: 371: 获取成功：lun****@outlook.com第1页的5条当前带单数据
2025-04-14 14:43:38,429 INFO     [ThreadPoolExecutor-0_11] htx htx.py: 359: 获取成功：孤辰第1页的3条历史带单数据
2025-04-14 14:43:39,971 INFO     [ThreadPoolExecutor-0_1] htx htx.py: 364: 获取失败：币圈老狼第2页《不存在》当前带单数据
2025-04-14 14:43:39,977 INFO     [ThreadPoolExecutor-0_9] htx htx.py: 364: 获取失败：Eeeely第3页《不存在》当前带单数据
2025-04-14 14:43:39,980 INFO     [ThreadPoolExecutor-0_5] htx htx.py: 364: 获取失败：多军永不为奴第2页《不存在》当前带单数据
2025-04-14 14:43:39,984 INFO     [ThreadPoolExecutor-0_8] htx htx.py: 376: 获取失败：bi1****@163.com第1页《不存在》当前带单数据
2025-04-14 14:43:39,987 INFO     [ThreadPoolExecutor-0_10] htx htx.py: 364: 获取失败：de4****@163.com第3页《不存在》当前带单数据
2025-04-14 14:43:40,838 INFO     [ThreadPoolExecutor-0_2] htx htx.py: 376: 获取失败：dia****@163.com第2页《不存在》当前带单数据
2025-04-14 14:43:40,842 INFO     [ThreadPoolExecutor-0_6] htx htx.py: 376: 获取失败：lun****@outlook.com第2页《不存在》当前带单数据
2025-04-14 14:43:40,852 INFO     [ThreadPoolExecutor-0_4] htx htx.py: 359: 获取成功：风水玄学云大师第2页的18条历史带单数据
2025-04-14 14:43:40,924 INFO     [ThreadPoolExecutor-0_3] htx htx.py: 376: 获取失败：ang****@163.com第2页《不存在》当前带单数据
2025-04-14 14:43:40,929 INFO     [ThreadPoolExecutor-0_7] htx htx.py: 376: 获取失败：ton****@163.com第2页《不存在》当前带单数据
2025-04-14 14:43:41,420 INFO     [ThreadPoolExecutor-0_1] htx htx.py: 371: 获取成功：币圈老狼第1页的2条当前带单数据
2025-04-14 14:43:41,423 INFO     [ThreadPoolExecutor-0_5] htx htx.py: 371: 获取成功：多军永不为奴第1页的3条当前带单数据
2025-04-14 14:43:41,426 INFO     [ThreadPoolExecutor-0_9] htx htx.py: 371: 获取成功：Eeeely第1页的5条当前带单数据
2025-04-14 14:43:41,429 INFO     [ThreadPoolExecutor-0_11] htx htx.py: 364: 获取失败：孤辰第2页《不存在》当前带单数据
2025-04-14 14:43:41,433 INFO     [ThreadPoolExecutor-0_10] htx htx.py: 376: 获取失败：de4****@163.com第1页《不存在》当前带单数据
2025-04-14 14:43:41,454 INFO     [ThreadPoolExecutor-0_0] htx htx.py: 359: 获取成功：币圈小助理第2页的100条历史带单数据
2025-04-14 14:43:41,469 INFO     [ThreadPoolExecutor-0_8] htx htx.py: 359: 获取成功：Blockchain Wei第1页的100条历史带单数据
2025-04-14 14:43:41,612 INFO     [ThreadPoolExecutor-0_6] htx htx.py: 364: 获取失败：lia****@163.com第1页《不存在》当前带单数据
2025-04-14 14:43:41,712 INFO     [ThreadPoolExecutor-0_2] htx htx.py: 359: 获取成功：gen****@163.com第1页的98条历史带单数据
2025-04-14 14:43:41,725 INFO     [ThreadPoolExecutor-0_3] htx htx.py: 359: 获取成功：152****5780第1页的100条历史带单数据
2025-04-14 14:43:41,741 INFO     [ThreadPoolExecutor-0_7] htx htx.py: 359: 获取成功：gyo****@126.com第1页的100条历史带单数据
2025-04-14 14:43:41,889 INFO     [ThreadPoolExecutor-0_11] htx htx.py: 371: 获取成功：孤辰第1页的5条当前带单数据
2025-04-14 14:43:42,130 INFO     [ThreadPoolExecutor-0_10] htx htx.py: 359: 获取成功：lij****@163.com第1页的84条历史带单数据
2025-04-14 14:43:42,264 INFO     [ThreadPoolExecutor-0_6] htx htx.py: 371: 获取成功：lia****@163.com第1页的7条当前带单数据
2025-04-14 14:43:42,420 INFO     [ThreadPoolExecutor-0_4] htx htx.py: 364: 获取失败：风水玄学云大师第3页《不存在》当前带单数据
2025-04-14 14:43:43,482 INFO     [ThreadPoolExecutor-0_9] htx htx.py: 376: 获取失败：Eeeely第2页《不存在》当前带单数据
2025-04-14 14:43:43,486 INFO     [ThreadPoolExecutor-0_4] htx htx.py: 376: 获取失败：风水玄学云大师第1页《不存在》当前带单数据
2025-04-14 14:43:43,506 INFO     [ThreadPoolExecutor-0_0] htx htx.py: 359: 获取成功：币圈小助理第3页的100条历史带单数据
2025-04-14 14:43:43,862 INFO     [ThreadPoolExecutor-0_1] htx htx.py: 376: 获取失败：币圈老狼第2页《不存在》当前带单数据
2025-04-14 14:43:43,867 INFO     [ThreadPoolExecutor-0_5] htx htx.py: 376: 获取失败：多军永不为奴第2页《不存在》当前带单数据
2025-04-14 14:43:43,873 INFO     [ThreadPoolExecutor-0_2] htx htx.py: 364: 获取失败：gen****@163.com第2页《不存在》当前带单数据
2025-04-14 14:43:43,887 INFO     [ThreadPoolExecutor-0_8] htx htx.py: 359: 获取成功：Blockchain Wei第2页的100条历史带单数据
2025-04-14 14:43:44,200 INFO     [ThreadPoolExecutor-0_10] htx htx.py: 364: 获取失败：lij****@163.com第2页《不存在》当前带单数据
2025-04-14 14:43:44,203 INFO     [ThreadPoolExecutor-0_11] htx htx.py: 376: 获取失败：孤辰第2页《不存在》当前带单数据
2025-04-14 14:43:44,216 INFO     [ThreadPoolExecutor-0_7] htx htx.py: 359: 获取成功：gyo****@126.com第2页的26条历史带单数据
2025-04-14 14:43:44,233 INFO     [ThreadPoolExecutor-0_3] htx htx.py: 359: 获取成功：152****5780第2页的100条历史带单数据
2025-04-14 14:43:44,304 INFO     [ThreadPoolExecutor-0_4] htx htx.py: 359: 获取成功：MainstreamTrader第1页的100条历史带单数据
2025-04-14 14:43:44,308 INFO     [ThreadPoolExecutor-0_6] htx htx.py: 376: 获取失败：lia****@163.com第2页《不存在》当前带单数据
2025-04-14 14:43:44,490 INFO     [ThreadPoolExecutor-0_5] htx htx.py: 359: 获取成功：scs****@163.com第1页的16条历史带单数据
2025-04-14 14:43:44,494 INFO     [ThreadPoolExecutor-0_2] htx htx.py: 371: 获取成功：gen****@163.com第1页的4条当前带单数据
2025-04-14 14:43:44,507 INFO     [ThreadPoolExecutor-0_9] htx htx.py: 359: 获取成功：gus****@163.com第1页的74条历史带单数据
2025-04-14 14:43:44,521 INFO     [ThreadPoolExecutor-0_1] htx htx.py: 359: 获取成功：神仙姐姐141319第1页的100条历史带单数据
2025-04-14 14:43:44,717 INFO     [ThreadPoolExecutor-0_11] htx htx.py: 359: 获取成功：185****6160第1页的100条历史带单数据
2025-04-14 14:43:44,729 INFO     [ThreadPoolExecutor-0_6] htx htx.py: 359: 获取成功：丛林法则C第1页的59条历史带单数据
2025-04-14 14:43:45,072 INFO     [ThreadPoolExecutor-0_0] htx htx.py: 359: 获取成功：币圈小助理第4页的100条历史带单数据
2025-04-14 14:43:45,379 INFO     [ThreadPoolExecutor-0_8] htx htx.py: 359: 获取成功：Blockchain Wei第3页的100条历史带单数据
2025-04-14 14:43:46,032 INFO     [ThreadPoolExecutor-0_7] htx htx.py: 364: 获取失败：gyo****@126.com第3页《不存在》当前带单数据
2025-04-14 14:43:46,049 INFO     [ThreadPoolExecutor-0_3] htx htx.py: 359: 获取成功：152****5780第3页的100条历史带单数据
2025-04-14 14:43:46,448 INFO     [ThreadPoolExecutor-0_9] htx htx.py: 364: 获取失败：gus****@163.com第2页《不存在》当前带单数据
2025-04-14 14:43:46,454 INFO     [ThreadPoolExecutor-0_5] htx htx.py: 364: 获取失败：scs****@163.com第2页《不存在》当前带单数据
2025-04-14 14:43:46,473 INFO     [ThreadPoolExecutor-0_1] htx htx.py: 359: 获取成功：神仙姐姐141319第2页的100条历史带单数据
2025-04-14 14:43:46,487 INFO     [ThreadPoolExecutor-0_4] htx htx.py: 359: 获取成功：MainstreamTrader第2页的100条历史带单数据
2025-04-14 14:43:46,517 INFO     [ThreadPoolExecutor-0_2] htx htx.py: 376: 获取失败：gen****@163.com第2页《不存在》当前带单数据
2025-04-14 14:43:46,794 INFO     [ThreadPoolExecutor-0_7] htx htx.py: 371: 获取成功：gyo****@126.com第1页的6条当前带单数据
2025-04-14 14:43:46,797 INFO     [ThreadPoolExecutor-0_6] htx htx.py: 364: 获取失败：丛林法则C第2页《不存在》当前带单数据
2025-04-14 14:43:46,808 INFO     [ThreadPoolExecutor-0_11] htx htx.py: 359: 获取成功：185****6160第2页的48条历史带单数据
2025-04-14 14:43:46,829 INFO     [ThreadPoolExecutor-0_0] htx htx.py: 359: 获取成功：币圈小助理第5页的70条历史带单数据
2025-04-14 14:43:47,058 INFO     [ThreadPoolExecutor-0_8] htx htx.py: 359: 获取成功：Blockchain Wei第4页的52条历史带单数据
2025-04-14 14:43:47,225 INFO     [ThreadPoolExecutor-0_9] htx htx.py: 376: 获取失败：gus****@163.com第1页《不存在》当前带单数据
2025-04-14 14:43:47,231 INFO     [ThreadPoolExecutor-0_5] htx htx.py: 376: 获取失败：scs****@163.com第1页《不存在》当前带单数据
2025-04-14 14:43:47,259 INFO     [ThreadPoolExecutor-0_6] htx htx.py: 371: 获取成功：丛林法则C第1页的1条当前带单数据
2025-04-14 14:43:47,505 INFO     [ThreadPoolExecutor-0_2] htx htx.py: 359: 获取成功：zie****@163.com第1页的100条历史带单数据
2025-04-14 14:43:47,734 INFO     [ThreadPoolExecutor-0_3] htx htx.py: 359: 获取成功：152****5780第4页的68条历史带单数据
2025-04-14 14:43:47,804 INFO     [ThreadPoolExecutor-0_5] htx htx.py: 359: 获取成功：沧澜初心第1页的70条历史带单数据
2025-04-14 14:43:48,149 INFO     [ThreadPoolExecutor-0_9] htx htx.py: 359: 获取成功：敬自由第1页的100条历史带单数据
2025-04-14 14:43:48,159 INFO     [ThreadPoolExecutor-0_4] htx htx.py: 359: 获取成功：MainstreamTrader第3页的56条历史带单数据
2025-04-14 14:43:48,360 INFO     [ThreadPoolExecutor-0_11] htx htx.py: 364: 获取失败：185****6160第3页《不存在》当前带单数据
2025-04-14 14:43:48,627 INFO     [ThreadPoolExecutor-0_0] htx htx.py: 364: 获取失败：币圈小助理第6页《不存在》当前带单数据
2025-04-14 14:43:48,632 INFO     [ThreadPoolExecutor-0_7] htx htx.py: 376: 获取失败：gyo****@126.com第2页《不存在》当前带单数据
2025-04-14 14:43:49,083 INFO     [ThreadPoolExecutor-0_6] htx htx.py: 376: 获取失败：丛林法则C第2页《不存在》当前带单数据
2025-04-14 14:43:49,086 INFO     [ThreadPoolExecutor-0_11] htx htx.py: 376: 获取失败：185****6160第1页《不存在》当前带单数据
2025-04-14 14:43:49,093 INFO     [ThreadPoolExecutor-0_8] htx htx.py: 364: 获取失败：Blockchain Wei第5页《不存在》当前带单数据
2025-04-14 14:43:49,108 INFO     [ThreadPoolExecutor-0_1] htx htx.py: 359: 获取成功：神仙姐姐141319第3页的100条历史带单数据
2025-04-14 14:43:49,666 INFO     [ThreadPoolExecutor-0_7] htx htx.py: 359: 获取成功：Alpha Trader第1页的28条历史带单数据
2025-04-14 14:43:49,671 INFO     [ThreadPoolExecutor-0_0] htx htx.py: 371: 获取成功：币圈小助理第1页的35条当前带单数据
2025-04-14 14:43:49,687 INFO     [ThreadPoolExecutor-0_2] htx htx.py: 359: 获取成功：zie****@163.com第2页的97条历史带单数据
2025-04-14 14:43:49,811 INFO     [ThreadPoolExecutor-0_3] htx htx.py: 364: 获取失败：152****5780第5页《不存在》当前带单数据
2025-04-14 14:43:49,998 INFO     [ThreadPoolExecutor-0_5] htx htx.py: 364: 获取失败：沧澜初心第2页《不存在》当前带单数据
2025-04-14 14:43:50,001 INFO     [ThreadPoolExecutor-0_4] htx htx.py: 364: 获取失败：MainstreamTrader第4页《不存在》当前带单数据
2025-04-14 14:43:50,004 INFO     [ThreadPoolExecutor-0_6] htx htx.py: 359: 获取成功：crystalzh6878第1页的78条历史带单数据
2025-04-14 14:43:50,008 INFO     [ThreadPoolExecutor-0_8] htx htx.py: 376: 获取失败：Blockchain Wei第1页《不存在》当前带单数据
2025-04-14 14:43:50,027 INFO     [ThreadPoolExecutor-0_11] htx htx.py: 359: 获取成功：t589qo8x4.verse第1页的55条历史带单数据
2025-04-14 14:43:50,041 INFO     [ThreadPoolExecutor-0_9] htx htx.py: 359: 获取成功：敬自由第2页的100条历史带单数据
2025-04-14 14:43:50,611 INFO     [ThreadPoolExecutor-0_3] htx htx.py: 371: 获取成功：152****5780第1页的13条当前带单数据
2025-04-14 14:43:50,761 INFO     [ThreadPoolExecutor-0_4] htx htx.py: 371: 获取成功：MainstreamTrader第1页的1条当前带单数据
2025-04-14 14:43:50,769 INFO     [ThreadPoolExecutor-0_5] htx htx.py: 371: 获取成功：沧澜初心第1页的2条当前带单数据
2025-04-14 14:43:50,772 INFO     [ThreadPoolExecutor-0_8] htx htx.py: 359: 获取成功：597****@qq.com第1页的9条历史带单数据
2025-04-14 14:43:51,138 INFO     [ThreadPoolExecutor-0_1] htx htx.py: 359: 获取成功：神仙姐姐141319第4页的100条历史带单数据
2025-04-14 14:43:51,481 INFO     [ThreadPoolExecutor-0_7] htx htx.py: 364: 获取失败：Alpha Trader第2页《不存在》当前带单数据
2025-04-14 14:43:51,531 INFO     [ThreadPoolExecutor-0_2] htx htx.py: 364: 获取失败：zie****@163.com第3页《不存在》当前带单数据
2025-04-14 14:43:51,576 INFO     [ThreadPoolExecutor-0_0] htx htx.py: 376: 获取失败：币圈小助理第2页《不存在》当前带单数据
2025-04-14 14:43:51,977 INFO     [ThreadPoolExecutor-0_6] htx htx.py: 364: 获取失败：crystalzh6878第2页《不存在》当前带单数据
2025-04-14 14:43:51,983 INFO     [ThreadPoolExecutor-0_11] htx htx.py: 364: 获取失败：t589qo8x4.verse第2页《不存在》当前带单数据
2025-04-14 14:43:52,492 INFO     [ThreadPoolExecutor-0_7] htx htx.py: 376: 获取失败：Alpha Trader第1页《不存在》当前带单数据
2025-04-14 14:43:52,499 INFO     [ThreadPoolExecutor-0_2] htx htx.py: 371: 获取成功：zie****@163.com第1页的11条当前带单数据
2025-04-14 14:43:52,502 INFO     [ThreadPoolExecutor-0_3] htx htx.py: 376: 获取失败：152****5780第2页《不存在》当前带单数据
2025-04-14 14:43:52,518 INFO     [ThreadPoolExecutor-0_9] htx htx.py: 359: 获取成功：敬自由第3页的100条历史带单数据
2025-04-14 14:43:52,533 INFO     [ThreadPoolExecutor-0_0] htx htx.py: 359: 获取成功：Terry Lau第1页的89条历史带单数据
2025-04-14 14:43:52,615 INFO     [ThreadPoolExecutor-0_8] htx htx.py: 364: 获取失败：597****@qq.com第2页《不存在》当前带单数据
2025-04-14 14:43:52,920 INFO     [ThreadPoolExecutor-0_4] htx htx.py: 376: 获取失败：MainstreamTrader第2页《不存在》当前带单数据
2025-04-14 14:43:52,922 INFO     [ThreadPoolExecutor-0_6] htx htx.py: 371: 获取成功：crystalzh6878第1页的11条当前带单数据
2025-04-14 14:43:52,926 INFO     [ThreadPoolExecutor-0_11] htx htx.py: 371: 获取成功：t589qo8x4.verse第1页的3条当前带单数据
2025-04-14 14:43:52,929 INFO     [ThreadPoolExecutor-0_5] htx htx.py: 376: 获取失败：沧澜初心第2页《不存在》当前带单数据
2025-04-14 14:43:53,077 INFO     [ThreadPoolExecutor-0_1] htx htx.py: 359: 获取成功：神仙姐姐141319第5页的100条历史带单数据
2025-04-14 14:43:53,275 INFO     [ThreadPoolExecutor-0_8] htx htx.py: 371: 获取成功：597****@qq.com第1页的1条当前带单数据
2025-04-14 14:43:53,280 INFO     [ThreadPoolExecutor-0_3] htx htx.py: 359: 获取成功：mm50888854第1页的15条历史带单数据
2025-04-14 14:43:53,291 INFO     [ThreadPoolExecutor-0_7] htx htx.py: 359: 获取成功：Jack_advisor第1页的100条历史带单数据
2025-04-14 14:43:54,155 INFO     [ThreadPoolExecutor-0_2] htx htx.py: 376: 获取失败：zie****@163.com第2页《不存在》当前带单数据
2025-04-14 14:43:54,233 INFO     [ThreadPoolExecutor-0_0] htx htx.py: 364: 获取失败：Terry Lau第2页《不存在》当前带单数据
2025-04-14 14:43:54,635 INFO     [ThreadPoolExecutor-0_9] htx htx.py: 359: 获取成功：敬自由第4页的100条历史带单数据
2025-04-14 14:43:54,639 INFO     [ThreadPoolExecutor-0_6] htx htx.py: 376: 获取失败：crystalzh6878第2页《不存在》当前带单数据
2025-04-14 14:43:54,643 INFO     [ThreadPoolExecutor-0_11] htx htx.py: 376: 获取失败：t589qo8x4.verse第2页《不存在》当前带单数据
2025-04-14 14:43:54,814 INFO     [ThreadPoolExecutor-0_0] htx htx.py: 371: 获取成功：Terry Lau第1页的34条当前带单数据
2025-04-14 14:43:54,818 INFO     [ThreadPoolExecutor-0_3] htx htx.py: 364: 获取失败：mm50888854第2页《不存在》当前带单数据
2025-04-14 14:43:54,851 INFO     [ThreadPoolExecutor-0_8] htx htx.py: 376: 获取失败：597****@qq.com第2页《不存在》当前带单数据
2025-04-14 14:43:55,020 INFO     [ThreadPoolExecutor-0_1] htx htx.py: 359: 获取成功：神仙姐姐141319第6页的100条历史带单数据
2025-04-14 14:43:55,231 INFO     [ThreadPoolExecutor-0_7] htx htx.py: 359: 获取成功：Jack_advisor第2页的73条历史带单数据
2025-04-14 14:43:55,322 INFO     [ThreadPoolExecutor-0_3] htx htx.py: 371: 获取成功：mm50888854第1页的6条当前带单数据
2025-04-14 14:43:56,210 INFO     [ThreadPoolExecutor-0_0] htx htx.py: 376: 获取失败：Terry Lau第2页《不存在》当前带单数据
2025-04-14 14:43:56,219 INFO     [ThreadPoolExecutor-0_9] htx htx.py: 359: 获取成功：敬自由第5页的100条历史带单数据
2025-04-14 14:43:56,665 INFO     [ThreadPoolExecutor-0_3] htx htx.py: 376: 获取失败：mm50888854第2页《不存在》当前带单数据
2025-04-14 14:43:56,682 INFO     [ThreadPoolExecutor-0_1] htx htx.py: 359: 获取成功：神仙姐姐141319第7页的100条历史带单数据
2025-04-14 14:43:56,690 INFO     [ThreadPoolExecutor-0_7] htx htx.py: 364: 获取失败：Jack_advisor第3页《不存在》当前带单数据
2025-04-14 14:43:57,165 INFO     [ThreadPoolExecutor-0_7] htx htx.py: 371: 获取成功：Jack_advisor第1页的2条当前带单数据
2025-04-14 14:43:57,682 INFO     [ThreadPoolExecutor-0_9] htx htx.py: 359: 获取成功：敬自由第6页的100条历史带单数据
2025-04-14 14:43:58,191 INFO     [ThreadPoolExecutor-0_1] htx htx.py: 359: 获取成功：神仙姐姐141319第8页的19条历史带单数据
2025-04-14 14:43:58,649 INFO     [ThreadPoolExecutor-0_7] htx htx.py: 376: 获取失败：Jack_advisor第2页《不存在》当前带单数据
2025-04-14 14:43:59,240 INFO     [ThreadPoolExecutor-0_9] htx htx.py: 359: 获取成功：敬自由第7页的100条历史带单数据
2025-04-14 14:43:59,543 INFO     [ThreadPoolExecutor-0_1] htx htx.py: 364: 获取失败：神仙姐姐141319第9页《不存在》当前带单数据
2025-04-14 14:44:00,032 INFO     [ThreadPoolExecutor-0_1] htx htx.py: 371: 获取成功：神仙姐姐141319第1页的6条当前带单数据
2025-04-14 14:44:00,751 INFO     [ThreadPoolExecutor-0_9] htx htx.py: 359: 获取成功：敬自由第8页的31条历史带单数据
2025-04-14 14:44:01,604 INFO     [ThreadPoolExecutor-0_1] htx htx.py: 376: 获取失败：神仙姐姐141319第2页《不存在》当前带单数据
2025-04-14 14:44:02,214 INFO     [ThreadPoolExecutor-0_9] htx htx.py: 364: 获取失败：敬自由第9页《不存在》当前带单数据
2025-04-14 14:44:02,631 INFO     [ThreadPoolExecutor-0_9] htx htx.py: 371: 获取成功：敬自由第1页的9条当前带单数据
2025-04-14 14:44:04,072 INFO     [ThreadPoolExecutor-0_9] htx htx.py: 376: 获取失败：敬自由第2页《不存在》当前带单数据
2025-04-14 14:44:05,773 INFO     [ThreadPoolExecutor-0_10] htx htx.py: 371: 获取成功：lij****@163.com第1页的4条当前带单数据
2025-04-14 14:44:07,244 INFO     [ThreadPoolExecutor-0_10] htx htx.py: 376: 获取失败：lij****@163.com第2页《不存在》当前带单数据
2025-04-14 16:07:29,302 INFO     [MainThread] htx htx.py: 89: 请求异常：HTTPSConnectionPool(host='futures.htx.com.de', port=443): Max retries exceeded with url: /-/x/hbg/v1/copytrading/rank?rankType=0&pageNo=1&pageSize=12 (Caused by ProxyError('Unable to connect to proxy', FileNotFoundError(2, 'No such file or directory')))
2025-04-14 16:07:29,345 INFO     [MainThread] htx htx.py: 89: 请求异常：HTTPSConnectionPool(host='futures.htx.com.de', port=443): Max retries exceeded with url: /-/x/hbg/v1/copytrading/rank?rankType=0&pageNo=1&pageSize=12 (Caused by ProxyError('Unable to connect to proxy', FileNotFoundError(2, 'No such file or directory')))
2025-04-14 16:08:11,228 INFO     [ThreadPoolExecutor-0_6] htx htx.py: 359: 获取成功：136****@163.com第1页的9条历史带单数据
2025-04-14 16:08:11,263 INFO     [ThreadPoolExecutor-0_11] htx htx.py: 364: 获取失败：zha****@163.com第1页《不存在》当前带单数据
2025-04-14 16:08:11,338 INFO     [ThreadPoolExecutor-0_3] htx htx.py: 364: 获取失败：scs****@163.com第1页《不存在》当前带单数据
2025-04-14 16:08:11,379 INFO     [ThreadPoolExecutor-0_4] htx htx.py: 359: 获取成功：驱驰第1页的15条历史带单数据
2025-04-14 16:08:11,455 INFO     [ThreadPoolExecutor-0_1] htx htx.py: 359: 获取成功：Ava第1页的12条历史带单数据
2025-04-14 16:08:11,457 INFO     [ThreadPoolExecutor-0_5] htx htx.py: 364: 获取失败：luq****@163.com第1页《不存在》当前带单数据
2025-04-14 16:08:11,527 INFO     [ThreadPoolExecutor-0_2] htx htx.py: 359: 获取成功：专注ETH第1页的16条历史带单数据
2025-04-14 16:08:11,530 INFO     [ThreadPoolExecutor-0_0] htx htx.py: 359: 获取成功：alp****@outlook.com第1页的5条历史带单数据
2025-04-14 16:08:11,535 INFO     [ThreadPoolExecutor-0_8] htx htx.py: 359: 获取成功：qiu****@163.com第1页的17条历史带单数据
2025-04-14 16:08:11,541 INFO     [ThreadPoolExecutor-0_7] htx htx.py: 359: 获取成功：USDTcnc第1页的45条历史带单数据
2025-04-14 16:08:11,542 INFO     [ThreadPoolExecutor-0_9] htx htx.py: 359: 获取成功：bos****@163.com第1页的40条历史带单数据
2025-04-14 16:08:11,682 INFO     [ThreadPoolExecutor-0_3] htx htx.py: 371: 获取成功：scs****@163.com第1页的6条当前带单数据
2025-04-14 16:08:11,747 INFO     [ThreadPoolExecutor-0_11] htx htx.py: 371: 获取成功：zha****@163.com第1页的15条当前带单数据
2025-04-14 16:08:11,947 INFO     [ThreadPoolExecutor-0_10] htx htx.py: 359: 获取成功：ban****@163.com第1页的52条历史带单数据
2025-04-14 16:08:12,035 INFO     [ThreadPoolExecutor-0_5] htx htx.py: 371: 获取成功：luq****@163.com第1页的10条当前带单数据
2025-04-14 16:08:12,561 INFO     [ThreadPoolExecutor-0_6] htx htx.py: 364: 获取失败：136****@163.com第2页《不存在》当前带单数据
2025-04-14 16:08:13,045 INFO     [ThreadPoolExecutor-0_2] htx htx.py: 364: 获取失败：专注ETH第2页《不存在》当前带单数据
2025-04-14 16:08:13,049 INFO     [ThreadPoolExecutor-0_4] htx htx.py: 364: 获取失败：驱驰第2页《不存在》当前带单数据
2025-04-14 16:08:13,067 INFO     [ThreadPoolExecutor-0_9] htx htx.py: 364: 获取失败：bos****@163.com第2页《不存在》当前带单数据
2025-04-14 16:08:13,072 INFO     [ThreadPoolExecutor-0_1] htx htx.py: 364: 获取失败：Ava第2页《不存在》当前带单数据
2025-04-14 16:08:13,100 INFO     [ThreadPoolExecutor-0_0] htx htx.py: 364: 获取失败：alp****@outlook.com第2页《不存在》当前带单数据
2025-04-14 16:08:13,109 INFO     [ThreadPoolExecutor-0_6] htx htx.py: 371: 获取成功：136****@163.com第1页的8条当前带单数据
2025-04-14 16:08:13,407 INFO     [ThreadPoolExecutor-0_8] htx htx.py: 364: 获取失败：qiu****@163.com第2页《不存在》当前带单数据
2025-04-14 16:08:13,423 INFO     [ThreadPoolExecutor-0_7] htx htx.py: 364: 获取失败：USDTcnc第2页《不存在》当前带单数据
2025-04-14 16:08:13,469 INFO     [ThreadPoolExecutor-0_3] htx htx.py: 376: 获取失败：scs****@163.com第2页《不存在》当前带单数据
2025-04-14 16:08:13,598 INFO     [ThreadPoolExecutor-0_11] htx htx.py: 376: 获取失败：zha****@163.com第2页《不存在》当前带单数据
2025-04-14 16:08:13,672 INFO     [ThreadPoolExecutor-0_1] htx htx.py: 371: 获取成功：Ava第1页的3条当前带单数据
2025-04-14 16:08:13,685 INFO     [ThreadPoolExecutor-0_9] htx htx.py: 376: 获取失败：bos****@163.com第1页《不存在》当前带单数据
2025-04-14 16:08:13,698 INFO     [ThreadPoolExecutor-0_4] htx htx.py: 371: 获取成功：驱驰第1页的5条当前带单数据
2025-04-14 16:08:13,823 INFO     [ThreadPoolExecutor-0_0] htx htx.py: 371: 获取成功：alp****@outlook.com第1页的5条当前带单数据
2025-04-14 16:08:13,824 INFO     [ThreadPoolExecutor-0_8] htx htx.py: 376: 获取失败：qiu****@163.com第1页《不存在》当前带单数据
2025-04-14 16:08:13,828 INFO     [ThreadPoolExecutor-0_5] htx htx.py: 376: 获取失败：luq****@163.com第2页《不存在》当前带单数据
2025-04-14 16:08:13,830 INFO     [ThreadPoolExecutor-0_2] htx htx.py: 376: 获取失败：专注ETH第1页《不存在》当前带单数据
2025-04-14 16:08:13,961 INFO     [ThreadPoolExecutor-0_7] htx htx.py: 376: 获取失败：USDTcnc第1页《不存在》当前带单数据
2025-04-14 16:08:14,070 INFO     [ThreadPoolExecutor-0_3] htx htx.py: 359: 获取成功：lun****@outlook.com第1页的92条历史带单数据
2025-04-14 16:08:14,190 INFO     [ThreadPoolExecutor-0_11] htx htx.py: 359: 获取成功：ang****@163.com第1页的38条历史带单数据
2025-04-14 16:08:14,335 INFO     [ThreadPoolExecutor-0_2] htx htx.py: 359: 获取成功：Eeeely第1页的100条历史带单数据
2025-04-14 16:08:14,404 INFO     [ThreadPoolExecutor-0_5] htx htx.py: 359: 获取成功：dia****@163.com第1页的42条历史带单数据
2025-04-14 16:08:14,433 INFO     [ThreadPoolExecutor-0_10] htx htx.py: 364: 获取失败：ban****@163.com第2页《不存在》当前带单数据
2025-04-14 16:08:14,538 INFO     [ThreadPoolExecutor-0_7] htx htx.py: 359: 获取成功：bi1****@163.com第1页的66条历史带单数据
2025-04-14 16:08:14,594 INFO     [ThreadPoolExecutor-0_6] htx htx.py: 376: 获取失败：136****@163.com第2页《不存在》当前带单数据
2025-04-14 16:08:14,602 INFO     [ThreadPoolExecutor-0_8] htx htx.py: 359: 获取成功：ton****@163.com第1页的77条历史带单数据
2025-04-14 16:08:14,739 INFO     [ThreadPoolExecutor-0_10] htx htx.py: 376: 获取失败：ban****@163.com第1页《不存在》当前带单数据
2025-04-14 16:08:15,041 INFO     [ThreadPoolExecutor-0_1] htx htx.py: 376: 获取失败：Ava第2页《不存在》当前带单数据
2025-04-14 16:08:15,147 INFO     [ThreadPoolExecutor-0_4] htx htx.py: 376: 获取失败：驱驰第2页《不存在》当前带单数据
2025-04-14 16:08:15,281 INFO     [ThreadPoolExecutor-0_10] htx htx.py: 359: 获取成功：多军永不为奴第1页的41条历史带单数据
2025-04-14 16:08:15,285 INFO     [ThreadPoolExecutor-0_9] htx htx.py: 359: 获取成功：don****@163.com第1页的46条历史带单数据
2025-04-14 16:08:15,354 INFO     [ThreadPoolExecutor-0_6] htx htx.py: 359: 获取成功：de4****@163.com第1页的100条历史带单数据
2025-04-14 16:08:15,358 INFO     [ThreadPoolExecutor-0_1] htx htx.py: 359: 获取成功：币圈老狼第1页的42条历史带单数据
2025-04-14 16:08:15,416 INFO     [ThreadPoolExecutor-0_0] htx htx.py: 376: 获取失败：alp****@outlook.com第2页《不存在》当前带单数据
2025-04-14 16:08:15,546 INFO     [ThreadPoolExecutor-0_3] htx htx.py: 364: 获取失败：lun****@outlook.com第2页《不存在》当前带单数据
2025-04-14 16:08:15,573 INFO     [ThreadPoolExecutor-0_11] htx htx.py: 364: 获取失败：ang****@163.com第2页《不存在》当前带单数据
2025-04-14 16:08:15,750 INFO     [ThreadPoolExecutor-0_5] htx htx.py: 364: 获取失败：dia****@163.com第2页《不存在》当前带单数据
2025-04-14 16:08:15,814 INFO     [ThreadPoolExecutor-0_4] htx htx.py: 359: 获取成功：币圈小助理第1页的100条历史带单数据
2025-04-14 16:08:15,850 INFO     [ThreadPoolExecutor-0_2] htx htx.py: 359: 获取成功：Eeeely第2页的62条历史带单数据
2025-04-14 16:08:15,965 INFO     [ThreadPoolExecutor-0_3] htx htx.py: 371: 获取成功：lun****@outlook.com第1页的5条当前带单数据
2025-04-14 16:08:16,030 INFO     [ThreadPoolExecutor-0_8] htx htx.py: 364: 获取失败：ton****@163.com第2页《不存在》当前带单数据
2025-04-14 16:08:16,039 INFO     [ThreadPoolExecutor-0_0] htx htx.py: 359: 获取成功：风水玄学云大师第1页的100条历史带单数据
2025-04-14 16:08:16,233 INFO     [ThreadPoolExecutor-0_11] htx htx.py: 371: 获取成功：ang****@163.com第1页的4条当前带单数据
2025-04-14 16:08:16,235 INFO     [ThreadPoolExecutor-0_7] htx htx.py: 364: 获取失败：bi1****@163.com第2页《不存在》当前带单数据
2025-04-14 16:08:16,338 INFO     [ThreadPoolExecutor-0_5] htx htx.py: 371: 获取成功：dia****@163.com第1页的4条当前带单数据
2025-04-14 16:08:16,520 INFO     [ThreadPoolExecutor-0_8] htx htx.py: 371: 获取成功：ton****@163.com第1页的5条当前带单数据
2025-04-14 16:08:16,666 INFO     [ThreadPoolExecutor-0_9] htx htx.py: 364: 获取失败：don****@163.com第2页《不存在》当前带单数据
2025-04-14 16:08:16,780 INFO     [ThreadPoolExecutor-0_1] htx htx.py: 364: 获取失败：币圈老狼第2页《不存在》当前带单数据
2025-04-14 16:08:16,794 INFO     [ThreadPoolExecutor-0_7] htx htx.py: 376: 获取失败：bi1****@163.com第1页《不存在》当前带单数据
2025-04-14 16:08:16,799 INFO     [ThreadPoolExecutor-0_6] htx htx.py: 359: 获取成功：de4****@163.com第2页的33条历史带单数据
2025-04-14 16:08:17,005 INFO     [ThreadPoolExecutor-0_9] htx htx.py: 376: 获取失败：don****@163.com第1页《不存在》当前带单数据
2025-04-14 16:08:17,183 INFO     [ThreadPoolExecutor-0_1] htx htx.py: 371: 获取成功：币圈老狼第1页的2条当前带单数据
2025-04-14 16:08:17,487 INFO     [ThreadPoolExecutor-0_3] htx htx.py: 376: 获取失败：lun****@outlook.com第2页《不存在》当前带单数据
2025-04-14 16:08:17,491 INFO     [ThreadPoolExecutor-0_2] htx htx.py: 364: 获取失败：Eeeely第3页《不存在》当前带单数据
2025-04-14 16:08:17,498 INFO     [ThreadPoolExecutor-0_4] htx htx.py: 359: 获取成功：币圈小助理第2页的100条历史带单数据
2025-04-14 16:08:17,505 INFO     [ThreadPoolExecutor-0_7] htx htx.py: 359: 获取成功：Blockchain Wei第1页的100条历史带单数据
2025-04-14 16:08:17,654 INFO     [ThreadPoolExecutor-0_9] htx htx.py: 359: 获取成功：gen****@163.com第1页的98条历史带单数据
2025-04-14 16:08:17,657 INFO     [ThreadPoolExecutor-0_0] htx htx.py: 359: 获取成功：风水玄学云大师第2页的18条历史带单数据
2025-04-14 16:08:17,810 INFO     [ThreadPoolExecutor-0_10] htx htx.py: 364: 获取失败：多军永不为奴第2页《不存在》当前带单数据
2025-04-14 16:08:17,817 INFO     [ThreadPoolExecutor-0_5] htx htx.py: 376: 获取失败：dia****@163.com第2页《不存在》当前带单数据
2025-04-14 16:08:17,872 INFO     [ThreadPoolExecutor-0_11] htx htx.py: 376: 获取失败：ang****@163.com第2页《不存在》当前带单数据
2025-04-14 16:08:17,974 INFO     [ThreadPoolExecutor-0_2] htx htx.py: 371: 获取成功：Eeeely第1页的5条当前带单数据
2025-04-14 16:08:17,987 INFO     [ThreadPoolExecutor-0_8] htx htx.py: 376: 获取失败：ton****@163.com第2页《不存在》当前带单数据
2025-04-14 16:08:17,996 INFO     [ThreadPoolExecutor-0_3] htx htx.py: 359: 获取成功：152****5780第1页的100条历史带单数据
2025-04-14 16:08:18,204 INFO     [ThreadPoolExecutor-0_5] htx htx.py: 359: 获取成功：孤辰第1页的3条历史带单数据
2025-04-14 16:08:18,206 INFO     [ThreadPoolExecutor-0_6] htx htx.py: 364: 获取失败：de4****@163.com第3页《不存在》当前带单数据
2025-04-14 16:08:18,423 INFO     [ThreadPoolExecutor-0_10] htx htx.py: 371: 获取成功：多军永不为奴第1页的4条当前带单数据
2025-04-14 16:08:18,428 INFO     [ThreadPoolExecutor-0_8] htx htx.py: 359: 获取成功：gus****@163.com第1页的74条历史带单数据
2025-04-14 16:08:18,677 INFO     [ThreadPoolExecutor-0_11] htx htx.py: 359: 获取成功：gyo****@126.com第1页的100条历史带单数据
2025-04-14 16:08:18,874 INFO     [ThreadPoolExecutor-0_1] htx htx.py: 376: 获取失败：币圈老狼第2页《不存在》当前带单数据
2025-04-14 16:08:18,898 INFO     [ThreadPoolExecutor-0_7] htx htx.py: 359: 获取成功：Blockchain Wei第2页的100条历史带单数据
2025-04-14 16:08:19,181 INFO     [ThreadPoolExecutor-0_9] htx htx.py: 364: 获取失败：gen****@163.com第2页《不存在》当前带单数据
2025-04-14 16:08:19,209 INFO     [ThreadPoolExecutor-0_4] htx htx.py: 359: 获取成功：币圈小助理第3页的100条历史带单数据
2025-04-14 16:08:19,433 INFO     [ThreadPoolExecutor-0_1] htx htx.py: 359: 获取成功：MainstreamTrader第1页的100条历史带单数据
2025-04-14 16:08:19,540 INFO     [ThreadPoolExecutor-0_2] htx htx.py: 376: 获取失败：Eeeely第2页《不存在》当前带单数据
2025-04-14 16:08:19,618 INFO     [ThreadPoolExecutor-0_3] htx htx.py: 359: 获取成功：152****5780第2页的100条历史带单数据
2025-04-14 16:08:19,622 INFO     [ThreadPoolExecutor-0_0] htx htx.py: 364: 获取失败：风水玄学云大师第3页《不存在》当前带单数据
2025-04-14 16:08:19,626 INFO     [ThreadPoolExecutor-0_5] htx htx.py: 364: 获取失败：孤辰第2页《不存在》当前带单数据
2025-04-14 16:08:19,805 INFO     [ThreadPoolExecutor-0_9] htx htx.py: 371: 获取成功：gen****@163.com第1页的4条当前带单数据
2025-04-14 16:08:19,921 INFO     [ThreadPoolExecutor-0_8] htx htx.py: 364: 获取失败：gus****@163.com第2页《不存在》当前带单数据
2025-04-14 16:08:19,926 INFO     [ThreadPoolExecutor-0_10] htx htx.py: 376: 获取失败：多军永不为奴第2页《不存在》当前带单数据
2025-04-14 16:08:20,143 INFO     [ThreadPoolExecutor-0_5] htx htx.py: 371: 获取成功：孤辰第1页的5条当前带单数据
2025-04-14 16:08:20,234 INFO     [ThreadPoolExecutor-0_2] htx htx.py: 359: 获取成功：神仙姐姐141319第1页的100条历史带单数据
2025-04-14 16:08:20,434 INFO     [ThreadPoolExecutor-0_11] htx htx.py: 359: 获取成功：gyo****@126.com第2页的26条历史带单数据
2025-04-14 16:08:20,448 INFO     [ThreadPoolExecutor-0_10] htx htx.py: 359: 获取成功：lij****@163.com第1页的84条历史带单数据
2025-04-14 16:08:20,465 INFO     [ThreadPoolExecutor-0_8] htx htx.py: 376: 获取失败：gus****@163.com第1页《不存在》当前带单数据
2025-04-14 16:08:20,534 INFO     [ThreadPoolExecutor-0_6] htx htx.py: 376: 获取失败：de4****@163.com第1页《不存在》当前带单数据
2025-04-14 16:08:20,625 INFO     [ThreadPoolExecutor-0_7] htx htx.py: 359: 获取成功：Blockchain Wei第3页的100条历史带单数据
2025-04-14 16:08:20,632 INFO     [ThreadPoolExecutor-0_4] htx htx.py: 359: 获取成功：币圈小助理第4页的100条历史带单数据
2025-04-14 16:08:20,635 INFO     [ThreadPoolExecutor-0_0] htx htx.py: 376: 获取失败：风水玄学云大师第1页《不存在》当前带单数据
2025-04-14 16:08:20,872 INFO     [ThreadPoolExecutor-0_8] htx htx.py: 359: 获取成功：scs****@163.com第1页的16条历史带单数据
2025-04-14 16:08:20,992 INFO     [ThreadPoolExecutor-0_0] htx htx.py: 359: 获取成功：zie****@163.com第1页的100条历史带单数据
2025-04-14 16:08:21,050 INFO     [ThreadPoolExecutor-0_1] htx htx.py: 359: 获取成功：MainstreamTrader第2页的100条历史带单数据
2025-04-14 16:08:21,055 INFO     [ThreadPoolExecutor-0_3] htx htx.py: 359: 获取成功：152****5780第3页的100条历史带单数据
2025-04-14 16:08:21,198 INFO     [ThreadPoolExecutor-0_9] htx htx.py: 376: 获取失败：gen****@163.com第2页《不存在》当前带单数据
2025-04-14 16:08:21,323 INFO     [ThreadPoolExecutor-0_6] htx htx.py: 359: 获取成功：185****6160第1页的100条历史带单数据
2025-04-14 16:08:21,625 INFO     [ThreadPoolExecutor-0_5] htx htx.py: 376: 获取失败：孤辰第2页《不存在》当前带单数据
2025-04-14 16:08:21,692 INFO     [ThreadPoolExecutor-0_2] htx htx.py: 359: 获取成功：神仙姐姐141319第2页的100条历史带单数据
2025-04-14 16:08:21,696 INFO     [ThreadPoolExecutor-0_9] htx htx.py: 359: 获取成功：丛林法则C第1页的59条历史带单数据
2025-04-14 16:08:21,889 INFO     [ThreadPoolExecutor-0_10] htx htx.py: 364: 获取失败：lij****@163.com第2页《不存在》当前带单数据
2025-04-14 16:08:21,968 INFO     [ThreadPoolExecutor-0_11] htx htx.py: 364: 获取失败：gyo****@126.com第3页《不存在》当前带单数据
2025-04-14 16:08:22,298 INFO     [ThreadPoolExecutor-0_7] htx htx.py: 359: 获取成功：Blockchain Wei第4页的52条历史带单数据
2025-04-14 16:08:22,304 INFO     [ThreadPoolExecutor-0_4] htx htx.py: 359: 获取成功：币圈小助理第5页的70条历史带单数据
2025-04-14 16:08:22,379 INFO     [ThreadPoolExecutor-0_10] htx htx.py: 371: 获取成功：lij****@163.com第1页的4条当前带单数据
2025-04-14 16:08:22,426 INFO     [ThreadPoolExecutor-0_5] htx htx.py: 359: 获取成功：敬自由第1页的100条历史带单数据
2025-04-14 16:08:22,482 INFO     [ThreadPoolExecutor-0_11] htx htx.py: 371: 获取成功：gyo****@126.com第1页的6条当前带单数据
2025-04-14 16:08:22,485 INFO     [ThreadPoolExecutor-0_8] htx htx.py: 364: 获取失败：scs****@163.com第2页《不存在》当前带单数据
2025-04-14 16:08:22,507 INFO     [ThreadPoolExecutor-0_3] htx htx.py: 359: 获取成功：152****5780第4页的68条历史带单数据
2025-04-14 16:08:22,629 INFO     [ThreadPoolExecutor-0_1] htx htx.py: 359: 获取成功：MainstreamTrader第3页的56条历史带单数据
2025-04-14 16:08:22,637 INFO     [ThreadPoolExecutor-0_0] htx htx.py: 359: 获取成功：zie****@163.com第2页的97条历史带单数据
2025-04-14 16:08:22,641 INFO     [ThreadPoolExecutor-0_6] htx htx.py: 359: 获取成功：185****6160第2页的48条历史带单数据
2025-04-14 16:08:22,891 INFO     [ThreadPoolExecutor-0_8] htx htx.py: 376: 获取失败：scs****@163.com第1页《不存在》当前带单数据
2025-04-14 16:08:23,146 INFO     [ThreadPoolExecutor-0_9] htx htx.py: 364: 获取失败：丛林法则C第2页《不存在》当前带单数据
2025-04-14 16:08:23,217 INFO     [ThreadPoolExecutor-0_2] htx htx.py: 359: 获取成功：神仙姐姐141319第3页的100条历史带单数据
2025-04-14 16:08:23,304 INFO     [ThreadPoolExecutor-0_8] htx htx.py: 359: 获取成功：沧澜初心第1页的70条历史带单数据
2025-04-14 16:08:23,606 INFO     [ThreadPoolExecutor-0_9] htx htx.py: 371: 获取成功：丛林法则C第1页的1条当前带单数据
2025-04-14 16:08:23,731 INFO     [ThreadPoolExecutor-0_10] htx htx.py: 376: 获取失败：lij****@163.com第2页《不存在》当前带单数据
2025-04-14 16:08:23,958 INFO     [ThreadPoolExecutor-0_4] htx htx.py: 364: 获取失败：币圈小助理第6页《不存在》当前带单数据
2025-04-14 16:08:24,014 INFO     [ThreadPoolExecutor-0_7] htx htx.py: 364: 获取失败：Blockchain Wei第5页《不存在》当前带单数据
2025-04-14 16:08:24,153 INFO     [ThreadPoolExecutor-0_11] htx htx.py: 376: 获取失败：gyo****@126.com第2页《不存在》当前带单数据
2025-04-14 16:08:24,156 INFO     [ThreadPoolExecutor-0_3] htx htx.py: 364: 获取失败：152****5780第5页《不存在》当前带单数据
2025-04-14 16:08:24,164 INFO     [ThreadPoolExecutor-0_0] htx htx.py: 364: 获取失败：zie****@163.com第3页《不存在》当前带单数据
2025-04-14 16:08:24,222 INFO     [ThreadPoolExecutor-0_6] htx htx.py: 364: 获取失败：185****6160第3页《不存在》当前带单数据
2025-04-14 16:08:24,409 INFO     [ThreadPoolExecutor-0_1] htx htx.py: 364: 获取失败：MainstreamTrader第4页《不存在》当前带单数据
2025-04-14 16:08:24,424 INFO     [ThreadPoolExecutor-0_10] htx htx.py: 359: 获取成功：Alpha Trader第1页的28条历史带单数据
2025-04-14 16:08:24,427 INFO     [ThreadPoolExecutor-0_4] htx htx.py: 371: 获取成功：币圈小助理第1页的35条当前带单数据
2025-04-14 16:08:24,429 INFO     [ThreadPoolExecutor-0_7] htx htx.py: 376: 获取失败：Blockchain Wei第1页《不存在》当前带单数据
2025-04-14 16:08:24,438 INFO     [ThreadPoolExecutor-0_5] htx htx.py: 359: 获取成功：敬自由第2页的100条历史带单数据
2025-04-14 16:08:24,766 INFO     [ThreadPoolExecutor-0_0] htx htx.py: 371: 获取成功：zie****@163.com第1页的11条当前带单数据
2025-04-14 16:08:24,780 INFO     [ThreadPoolExecutor-0_8] htx htx.py: 364: 获取失败：沧澜初心第2页《不存在》当前带单数据
2025-04-14 16:08:24,842 INFO     [ThreadPoolExecutor-0_11] htx htx.py: 359: 获取成功：crystalzh6878第1页的78条历史带单数据
2025-04-14 16:08:24,936 INFO     [ThreadPoolExecutor-0_1] htx htx.py: 371: 获取成功：MainstreamTrader第1页的1条当前带单数据
2025-04-14 16:08:24,938 INFO     [ThreadPoolExecutor-0_3] htx htx.py: 371: 获取成功：152****5780第1页的13条当前带单数据
2025-04-14 16:08:24,944 INFO     [ThreadPoolExecutor-0_2] htx htx.py: 359: 获取成功：神仙姐姐141319第4页的100条历史带单数据
2025-04-14 16:08:24,970 INFO     [ThreadPoolExecutor-0_7] htx htx.py: 359: 获取成功：t589qo8x4.verse第1页的55条历史带单数据
2025-04-14 16:08:24,995 INFO     [ThreadPoolExecutor-0_6] htx htx.py: 376: 获取失败：185****6160第1页《不存在》当前带单数据
2025-04-14 16:08:25,171 INFO     [ThreadPoolExecutor-0_9] htx htx.py: 376: 获取失败：丛林法则C第2页《不存在》当前带单数据
2025-04-14 16:08:25,199 INFO     [ThreadPoolExecutor-0_8] htx htx.py: 371: 获取成功：沧澜初心第1页的2条当前带单数据
2025-04-14 16:08:25,678 INFO     [ThreadPoolExecutor-0_6] htx htx.py: 359: 获取成功：Terry Lau第1页的89条历史带单数据
2025-04-14 16:08:25,860 INFO     [ThreadPoolExecutor-0_9] htx htx.py: 359: 获取成功：597****@qq.com第1页的9条历史带单数据
2025-04-14 16:08:25,908 INFO     [ThreadPoolExecutor-0_10] htx htx.py: 364: 获取失败：Alpha Trader第2页《不存在》当前带单数据
2025-04-14 16:08:26,043 INFO     [ThreadPoolExecutor-0_4] htx htx.py: 376: 获取失败：币圈小助理第2页《不存在》当前带单数据
2025-04-14 16:08:26,054 INFO     [ThreadPoolExecutor-0_5] htx htx.py: 359: 获取成功：敬自由第3页的100条历史带单数据
2025-04-14 16:08:26,271 INFO     [ThreadPoolExecutor-0_0] htx htx.py: 376: 获取失败：zie****@163.com第2页《不存在》当前带单数据
2025-04-14 16:08:26,413 INFO     [ThreadPoolExecutor-0_11] htx htx.py: 364: 获取失败：crystalzh6878第2页《不存在》当前带单数据
2025-04-14 16:08:26,415 INFO     [ThreadPoolExecutor-0_10] htx htx.py: 376: 获取失败：Alpha Trader第1页《不存在》当前带单数据
2025-04-14 16:08:26,578 INFO     [ThreadPoolExecutor-0_1] htx htx.py: 376: 获取失败：MainstreamTrader第2页《不存在》当前带单数据
2025-04-14 16:08:26,592 INFO     [ThreadPoolExecutor-0_7] htx htx.py: 364: 获取失败：t589qo8x4.verse第2页《不存在》当前带单数据
2025-04-14 16:08:26,627 INFO     [ThreadPoolExecutor-0_3] htx htx.py: 376: 获取失败：152****5780第2页《不存在》当前带单数据
2025-04-14 16:08:26,722 INFO     [ThreadPoolExecutor-0_8] htx htx.py: 376: 获取失败：沧澜初心第2页《不存在》当前带单数据
2025-04-14 16:08:26,734 INFO     [ThreadPoolExecutor-0_2] htx htx.py: 359: 获取成功：神仙姐姐141319第5页的100条历史带单数据
2025-04-14 16:08:26,735 INFO     [ThreadPoolExecutor-0_4] htx htx.py: 359: 获取成功：Jack_advisor第1页的100条历史带单数据
2025-04-14 16:08:26,904 INFO     [ThreadPoolExecutor-0_7] htx htx.py: 371: 获取成功：t589qo8x4.verse第1页的3条当前带单数据
2025-04-14 16:08:26,986 INFO     [ThreadPoolExecutor-0_11] htx htx.py: 371: 获取成功：crystalzh6878第1页的11条当前带单数据
2025-04-14 16:08:27,229 INFO     [ThreadPoolExecutor-0_9] htx htx.py: 364: 获取失败：597****@qq.com第2页《不存在》当前带单数据
2025-04-14 16:08:27,232 INFO     [ThreadPoolExecutor-0_6] htx htx.py: 364: 获取失败：Terry Lau第2页《不存在》当前带单数据
2025-04-14 16:08:27,606 INFO     [ThreadPoolExecutor-0_5] htx htx.py: 359: 获取成功：敬自由第4页的100条历史带单数据
2025-04-14 16:08:27,693 INFO     [ThreadPoolExecutor-0_9] htx htx.py: 371: 获取成功：597****@qq.com第1页的1条当前带单数据
2025-04-14 16:08:27,697 INFO     [ThreadPoolExecutor-0_6] htx htx.py: 371: 获取成功：Terry Lau第1页的34条当前带单数据
2025-04-14 16:08:28,157 INFO     [ThreadPoolExecutor-0_4] htx htx.py: 359: 获取成功：Jack_advisor第2页的73条历史带单数据
2025-04-14 16:08:28,354 INFO     [ThreadPoolExecutor-0_7] htx htx.py: 376: 获取失败：t589qo8x4.verse第2页《不存在》当前带单数据
2025-04-14 16:08:28,360 INFO     [ThreadPoolExecutor-0_2] htx htx.py: 359: 获取成功：神仙姐姐141319第6页的100条历史带单数据
2025-04-14 16:08:28,521 INFO     [ThreadPoolExecutor-0_11] htx htx.py: 376: 获取失败：crystalzh6878第2页《不存在》当前带单数据
2025-04-14 16:08:29,058 INFO     [ThreadPoolExecutor-0_9] htx htx.py: 376: 获取失败：597****@qq.com第2页《不存在》当前带单数据
2025-04-14 16:08:29,060 INFO     [ThreadPoolExecutor-0_6] htx htx.py: 376: 获取失败：Terry Lau第2页《不存在》当前带单数据
2025-04-14 16:08:29,066 INFO     [ThreadPoolExecutor-0_5] htx htx.py: 359: 获取成功：敬自由第5页的100条历史带单数据
2025-04-14 16:08:29,555 INFO     [ThreadPoolExecutor-0_4] htx htx.py: 364: 获取失败：Jack_advisor第3页《不存在》当前带单数据
2025-04-14 16:08:29,974 INFO     [ThreadPoolExecutor-0_2] htx htx.py: 359: 获取成功：神仙姐姐141319第7页的100条历史带单数据
2025-04-14 16:08:30,072 INFO     [ThreadPoolExecutor-0_4] htx htx.py: 371: 获取成功：Jack_advisor第1页的2条当前带单数据
2025-04-14 16:08:30,564 INFO     [ThreadPoolExecutor-0_5] htx htx.py: 359: 获取成功：敬自由第6页的100条历史带单数据
2025-04-14 16:08:31,516 INFO     [ThreadPoolExecutor-0_4] htx htx.py: 376: 获取失败：Jack_advisor第2页《不存在》当前带单数据
2025-04-14 16:08:31,599 INFO     [ThreadPoolExecutor-0_2] htx htx.py: 359: 获取成功：神仙姐姐141319第8页的19条历史带单数据
2025-04-14 16:08:32,469 INFO     [ThreadPoolExecutor-0_5] htx htx.py: 359: 获取成功：敬自由第7页的100条历史带单数据
2025-04-14 16:08:33,071 INFO     [ThreadPoolExecutor-0_2] htx htx.py: 364: 获取失败：神仙姐姐141319第9页《不存在》当前带单数据
2025-04-14 16:08:33,547 INFO     [ThreadPoolExecutor-0_2] htx htx.py: 371: 获取成功：神仙姐姐141319第1页的6条当前带单数据
2025-04-14 16:08:34,154 INFO     [ThreadPoolExecutor-0_5] htx htx.py: 359: 获取成功：敬自由第8页的31条历史带单数据
2025-04-14 16:08:34,972 INFO     [ThreadPoolExecutor-0_2] htx htx.py: 376: 获取失败：神仙姐姐141319第2页《不存在》当前带单数据
2025-04-14 16:08:35,588 INFO     [ThreadPoolExecutor-0_5] htx htx.py: 364: 获取失败：敬自由第9页《不存在》当前带单数据
2025-04-14 16:08:35,921 INFO     [ThreadPoolExecutor-0_5] htx htx.py: 371: 获取成功：敬自由第1页的9条当前带单数据
2025-04-14 16:08:37,326 INFO     [ThreadPoolExecutor-0_5] htx htx.py: 376: 获取失败：敬自由第2页《不存在》当前带单数据
2025-04-14 16:10:12,628 INFO     [MainThread] htx htx.py: 405: 正在初始化交易所：binance
2025-04-14 16:10:34,389 INFO     [MainThread] htx htx.py: 405: 正在初始化交易所：binance
2025-04-14 16:10:34,397 INFO     [MainThread] htx htx.py: 419: K线图数据获取数据中.......
2025-04-14 16:10:37,093 INFO     [MainThread] htx htx.py: 419: K线图数据获取数据中.......
2025-04-14 16:10:37,403 INFO     [MainThread] htx htx.py: 419: K线图数据获取数据中.......
2025-04-14 16:10:37,702 INFO     [MainThread] htx htx.py: 419: K线图数据获取数据中.......
2025-04-14 16:10:38,010 INFO     [MainThread] htx htx.py: 419: K线图数据获取数据中.......
2025-04-14 16:10:38,324 INFO     [MainThread] htx htx.py: 419: K线图数据获取数据中.......
2025-04-14 16:10:38,636 INFO     [MainThread] htx htx.py: 419: K线图数据获取数据中.......
2025-04-14 16:10:38,945 INFO     [MainThread] htx htx.py: 419: K线图数据获取数据中.......
2025-04-14 16:10:39,245 INFO     [MainThread] htx htx.py: 419: K线图数据获取数据中.......
2025-04-14 16:10:39,552 INFO     [MainThread] htx htx.py: 419: K线图数据获取数据中.......
2025-04-14 16:10:39,860 INFO     [MainThread] htx htx.py: 419: K线图数据获取数据中.......
2025-04-14 16:10:40,167 INFO     [MainThread] htx htx.py: 419: K线图数据获取数据中.......
2025-04-14 16:10:40,479 INFO     [MainThread] htx htx.py: 419: K线图数据获取数据中.......
2025-04-14 16:10:40,805 INFO     [MainThread] htx htx.py: 419: K线图数据获取数据中.......
2025-04-14 16:10:41,089 INFO     [MainThread] htx htx.py: 419: K线图数据获取数据中.......
2025-04-14 16:10:41,337 INFO     [MainThread] htx htx.py: 443: K线图数据获取完成
